{"/Users/benjamin/Development/GitHub/ICUM-SIM/src/engine/SimulationRunner.ts": {"path":"/Users/benjamin/Development/GitHub/ICUM-SIM/src/engine/SimulationRunner.ts","all":false,"statementMap":{"0":{"start":{"line":1,"column":0},"end":{"line":1,"column":55}},"1":{"start":{"line":2,"column":0},"end":{"line":2,"column":79}},"2":{"start":{"line":3,"column":0},"end":{"line":3,"column":56}},"3":{"start":{"line":4,"column":0},"end":{"line":4,"column":49}},"4":{"start":{"line":5,"column":0},"end":{"line":5,"column":63}},"5":{"start":{"line":6,"column":0},"end":{"line":6,"column":0}},"6":{"start":{"line":7,"column":0},"end":{"line":7,"column":34}},"7":{"start":{"line":8,"column":0},"end":{"line":8,"column":21}},"8":{"start":{"line":9,"column":0},"end":{"line":9,"column":19}},"9":{"start":{"line":10,"column":0},"end":{"line":10,"column":22}},"10":{"start":{"line":11,"column":0},"end":{"line":11,"column":17}},"11":{"start":{"line":12,"column":0},"end":{"line":12,"column":16}},"12":{"start":{"line":13,"column":0},"end":{"line":13,"column":38}},"13":{"start":{"line":14,"column":0},"end":{"line":14,"column":17}},"14":{"start":{"line":15,"column":0},"end":{"line":15,"column":26}},"15":{"start":{"line":16,"column":0},"end":{"line":16,"column":12}},"16":{"start":{"line":17,"column":0},"end":{"line":17,"column":114}},"17":{"start":{"line":18,"column":0},"end":{"line":18,"column":1}},"18":{"start":{"line":19,"column":0},"end":{"line":19,"column":0}},"19":{"start":{"line":20,"column":0},"end":{"line":20,"column":36}},"20":{"start":{"line":21,"column":0},"end":{"line":21,"column":15}},"21":{"start":{"line":22,"column":0},"end":{"line":22,"column":25}},"22":{"start":{"line":23,"column":0},"end":{"line":23,"column":24}},"23":{"start":{"line":24,"column":0},"end":{"line":24,"column":30}},"24":{"start":{"line":25,"column":0},"end":{"line":25,"column":21}},"25":{"start":{"line":26,"column":0},"end":{"line":26,"column":42}},"26":{"start":{"line":27,"column":0},"end":{"line":27,"column":74}},"27":{"start":{"line":28,"column":0},"end":{"line":28,"column":1}},"28":{"start":{"line":29,"column":0},"end":{"line":29,"column":0}},"29":{"start":{"line":30,"column":0},"end":{"line":30,"column":26}},"30":{"start":{"line":31,"column":0},"end":{"line":31,"column":12}},"31":{"start":{"line":32,"column":0},"end":{"line":32,"column":24}},"32":{"start":{"line":33,"column":0},"end":{"line":33,"column":11}},"33":{"start":{"line":34,"column":0},"end":{"line":34,"column":11}},"34":{"start":{"line":35,"column":0},"end":{"line":35,"column":12}},"35":{"start":{"line":36,"column":0},"end":{"line":36,"column":12}},"36":{"start":{"line":37,"column":0},"end":{"line":37,"column":46}},"37":{"start":{"line":38,"column":0},"end":{"line":38,"column":20}},"38":{"start":{"line":39,"column":0},"end":{"line":39,"column":17}},"39":{"start":{"line":40,"column":0},"end":{"line":40,"column":1}},"40":{"start":{"line":41,"column":0},"end":{"line":41,"column":0}},"41":{"start":{"line":42,"column":0},"end":{"line":42,"column":25}},"42":{"start":{"line":43,"column":0},"end":{"line":43,"column":80}},"43":{"start":{"line":44,"column":0},"end":{"line":44,"column":82}},"44":{"start":{"line":45,"column":0},"end":{"line":45,"column":60}},"45":{"start":{"line":46,"column":0},"end":{"line":46,"column":25}},"46":{"start":{"line":47,"column":0},"end":{"line":47,"column":24}},"47":{"start":{"line":48,"column":0},"end":{"line":48,"column":24}},"48":{"start":{"line":49,"column":0},"end":{"line":49,"column":0}},"49":{"start":{"line":50,"column":0},"end":{"line":50,"column":31}},"50":{"start":{"line":51,"column":0},"end":{"line":51,"column":38}},"51":{"start":{"line":52,"column":0},"end":{"line":52,"column":20}},"52":{"start":{"line":53,"column":0},"end":{"line":53,"column":28}},"53":{"start":{"line":54,"column":0},"end":{"line":54,"column":32}},"54":{"start":{"line":55,"column":0},"end":{"line":55,"column":28}},"55":{"start":{"line":56,"column":0},"end":{"line":56,"column":25}},"56":{"start":{"line":57,"column":0},"end":{"line":57,"column":29}},"57":{"start":{"line":58,"column":0},"end":{"line":58,"column":93}},"58":{"start":{"line":59,"column":0},"end":{"line":59,"column":37}},"59":{"start":{"line":60,"column":0},"end":{"line":60,"column":70}},"60":{"start":{"line":61,"column":0},"end":{"line":61,"column":0}},"61":{"start":{"line":62,"column":0},"end":{"line":62,"column":40}},"62":{"start":{"line":63,"column":0},"end":{"line":63,"column":68}},"63":{"start":{"line":64,"column":0},"end":{"line":64,"column":51}},"64":{"start":{"line":65,"column":0},"end":{"line":65,"column":42}},"65":{"start":{"line":66,"column":0},"end":{"line":66,"column":45}},"66":{"start":{"line":67,"column":0},"end":{"line":67,"column":39}},"67":{"start":{"line":68,"column":0},"end":{"line":68,"column":48}},"68":{"start":{"line":69,"column":0},"end":{"line":69,"column":39}},"69":{"start":{"line":70,"column":0},"end":{"line":70,"column":47}},"70":{"start":{"line":71,"column":0},"end":{"line":71,"column":5}},"71":{"start":{"line":72,"column":0},"end":{"line":72,"column":2}},"72":{"start":{"line":73,"column":0},"end":{"line":73,"column":0}},"73":{"start":{"line":74,"column":0},"end":{"line":74,"column":33}},"74":{"start":{"line":75,"column":0},"end":{"line":75,"column":26}},"75":{"start":{"line":76,"column":0},"end":{"line":76,"column":2}},"76":{"start":{"line":77,"column":0},"end":{"line":77,"column":0}},"77":{"start":{"line":78,"column":0},"end":{"line":78,"column":29}},"78":{"start":{"line":79,"column":0},"end":{"line":79,"column":24}},"79":{"start":{"line":80,"column":0},"end":{"line":80,"column":2}},"80":{"start":{"line":81,"column":0},"end":{"line":81,"column":0}},"81":{"start":{"line":82,"column":0},"end":{"line":82,"column":42}},"82":{"start":{"line":83,"column":0},"end":{"line":83,"column":21}},"83":{"start":{"line":84,"column":0},"end":{"line":84,"column":2}},"84":{"start":{"line":85,"column":0},"end":{"line":85,"column":0}},"85":{"start":{"line":86,"column":0},"end":{"line":86,"column":42}},"86":{"start":{"line":87,"column":0},"end":{"line":87,"column":43}},"87":{"start":{"line":88,"column":0},"end":{"line":88,"column":2}},"88":{"start":{"line":89,"column":0},"end":{"line":89,"column":0}},"89":{"start":{"line":90,"column":0},"end":{"line":90,"column":37}},"90":{"start":{"line":91,"column":0},"end":{"line":91,"column":51}},"91":{"start":{"line":92,"column":0},"end":{"line":92,"column":2}},"92":{"start":{"line":93,"column":0},"end":{"line":93,"column":0}},"93":{"start":{"line":94,"column":0},"end":{"line":94,"column":41}},"94":{"start":{"line":95,"column":0},"end":{"line":95,"column":49}},"95":{"start":{"line":96,"column":0},"end":{"line":96,"column":2}},"96":{"start":{"line":97,"column":0},"end":{"line":97,"column":0}},"97":{"start":{"line":98,"column":0},"end":{"line":98,"column":48}},"98":{"start":{"line":99,"column":0},"end":{"line":99,"column":52}},"99":{"start":{"line":100,"column":0},"end":{"line":100,"column":2}},"100":{"start":{"line":101,"column":0},"end":{"line":101,"column":0}},"101":{"start":{"line":102,"column":0},"end":{"line":102,"column":21}},"102":{"start":{"line":103,"column":0},"end":{"line":103,"column":21}},"103":{"start":{"line":104,"column":0},"end":{"line":104,"column":2}},"104":{"start":{"line":105,"column":0},"end":{"line":105,"column":0}},"105":{"start":{"line":106,"column":0},"end":{"line":106,"column":16}},"106":{"start":{"line":107,"column":0},"end":{"line":107,"column":13}},"107":{"start":{"line":108,"column":0},"end":{"line":108,"column":32}},"108":{"start":{"line":109,"column":0},"end":{"line":109,"column":58}},"109":{"start":{"line":110,"column":0},"end":{"line":110,"column":17}},"110":{"start":{"line":111,"column":0},"end":{"line":111,"column":17}},"111":{"start":{"line":112,"column":0},"end":{"line":112,"column":31}},"112":{"start":{"line":113,"column":0},"end":{"line":113,"column":4}},"113":{"start":{"line":114,"column":0},"end":{"line":114,"column":58}},"114":{"start":{"line":115,"column":0},"end":{"line":115,"column":102}},"115":{"start":{"line":116,"column":0},"end":{"line":116,"column":0}},"116":{"start":{"line":117,"column":0},"end":{"line":117,"column":37}},"117":{"start":{"line":118,"column":0},"end":{"line":118,"column":6}},"118":{"start":{"line":119,"column":0},"end":{"line":119,"column":12}},"119":{"start":{"line":120,"column":0},"end":{"line":120,"column":12}},"120":{"start":{"line":121,"column":0},"end":{"line":121,"column":19}},"121":{"start":{"line":122,"column":0},"end":{"line":122,"column":19}},"122":{"start":{"line":123,"column":0},"end":{"line":123,"column":46}},"123":{"start":{"line":124,"column":0},"end":{"line":124,"column":16}},"124":{"start":{"line":125,"column":0},"end":{"line":125,"column":25}},"125":{"start":{"line":126,"column":0},"end":{"line":126,"column":14}},"126":{"start":{"line":127,"column":0},"end":{"line":127,"column":4}},"127":{"start":{"line":128,"column":0},"end":{"line":128,"column":0}},"128":{"start":{"line":129,"column":0},"end":{"line":129,"column":25}},"129":{"start":{"line":130,"column":0},"end":{"line":130,"column":39}},"130":{"start":{"line":131,"column":0},"end":{"line":131,"column":21}},"131":{"start":{"line":132,"column":0},"end":{"line":132,"column":42}},"132":{"start":{"line":133,"column":0},"end":{"line":133,"column":34}},"133":{"start":{"line":134,"column":0},"end":{"line":134,"column":17}},"134":{"start":{"line":135,"column":0},"end":{"line":135,"column":5}},"135":{"start":{"line":136,"column":0},"end":{"line":136,"column":29}},"136":{"start":{"line":137,"column":0},"end":{"line":137,"column":70}},"137":{"start":{"line":138,"column":0},"end":{"line":138,"column":59}},"138":{"start":{"line":139,"column":0},"end":{"line":139,"column":5}},"139":{"start":{"line":140,"column":0},"end":{"line":140,"column":32}},"140":{"start":{"line":141,"column":0},"end":{"line":141,"column":58}},"141":{"start":{"line":142,"column":0},"end":{"line":142,"column":21}},"142":{"start":{"line":143,"column":0},"end":{"line":143,"column":72}},"143":{"start":{"line":144,"column":0},"end":{"line":144,"column":4}},"144":{"start":{"line":145,"column":0},"end":{"line":145,"column":0}},"145":{"start":{"line":146,"column":0},"end":{"line":146,"column":52}},"146":{"start":{"line":147,"column":0},"end":{"line":147,"column":61}},"147":{"start":{"line":148,"column":0},"end":{"line":148,"column":22}},"148":{"start":{"line":149,"column":0},"end":{"line":149,"column":57}},"149":{"start":{"line":150,"column":0},"end":{"line":150,"column":5}},"150":{"start":{"line":151,"column":0},"end":{"line":151,"column":0}},"151":{"start":{"line":152,"column":0},"end":{"line":152,"column":68}},"152":{"start":{"line":153,"column":0},"end":{"line":153,"column":20}},"153":{"start":{"line":154,"column":0},"end":{"line":154,"column":34}},"154":{"start":{"line":155,"column":0},"end":{"line":155,"column":3}},"155":{"start":{"line":156,"column":0},"end":{"line":156,"column":0}},"156":{"start":{"line":157,"column":0},"end":{"line":157,"column":26}},"157":{"start":{"line":158,"column":0},"end":{"line":158,"column":29}},"158":{"start":{"line":159,"column":0},"end":{"line":159,"column":2}},"159":{"start":{"line":160,"column":0},"end":{"line":160,"column":0}},"160":{"start":{"line":161,"column":0},"end":{"line":161,"column":64}},"161":{"start":{"line":162,"column":0},"end":{"line":162,"column":51}},"162":{"start":{"line":163,"column":0},"end":{"line":163,"column":20}},"163":{"start":{"line":164,"column":0},"end":{"line":164,"column":17}},"164":{"start":{"line":165,"column":0},"end":{"line":165,"column":17}},"165":{"start":{"line":166,"column":0},"end":{"line":166,"column":2}},"166":{"start":{"line":167,"column":0},"end":{"line":167,"column":0}},"167":{"start":{"line":168,"column":0},"end":{"line":168,"column":75}},"168":{"start":{"line":169,"column":0},"end":{"line":169,"column":51}},"169":{"start":{"line":170,"column":0},"end":{"line":170,"column":20}},"170":{"start":{"line":171,"column":0},"end":{"line":171,"column":24}},"171":{"start":{"line":172,"column":0},"end":{"line":172,"column":24}},"172":{"start":{"line":173,"column":0},"end":{"line":173,"column":2}},"173":{"start":{"line":174,"column":0},"end":{"line":174,"column":0}},"174":{"start":{"line":175,"column":0},"end":{"line":175,"column":55}},"175":{"start":{"line":176,"column":0},"end":{"line":176,"column":51}},"176":{"start":{"line":177,"column":0},"end":{"line":177,"column":20}},"177":{"start":{"line":178,"column":0},"end":{"line":178,"column":69}},"178":{"start":{"line":179,"column":0},"end":{"line":179,"column":81}},"179":{"start":{"line":180,"column":0},"end":{"line":180,"column":2}},"180":{"start":{"line":181,"column":0},"end":{"line":181,"column":0}},"181":{"start":{"line":182,"column":0},"end":{"line":182,"column":32}},"182":{"start":{"line":183,"column":0},"end":{"line":183,"column":37}},"183":{"start":{"line":184,"column":0},"end":{"line":184,"column":2}},"184":{"start":{"line":185,"column":0},"end":{"line":185,"column":0}},"185":{"start":{"line":186,"column":0},"end":{"line":186,"column":33}},"186":{"start":{"line":187,"column":0},"end":{"line":187,"column":21}},"187":{"start":{"line":188,"column":0},"end":{"line":188,"column":42}},"188":{"start":{"line":189,"column":0},"end":{"line":189,"column":35}},"189":{"start":{"line":190,"column":0},"end":{"line":190,"column":21}},"190":{"start":{"line":191,"column":0},"end":{"line":191,"column":3}},"191":{"start":{"line":192,"column":0},"end":{"line":192,"column":2}},"192":{"start":{"line":193,"column":0},"end":{"line":193,"column":0}},"193":{"start":{"line":194,"column":0},"end":{"line":194,"column":28}},"194":{"start":{"line":195,"column":0},"end":{"line":195,"column":22}},"195":{"start":{"line":196,"column":0},"end":{"line":196,"column":0}},"196":{"start":{"line":197,"column":0},"end":{"line":197,"column":46}},"197":{"start":{"line":198,"column":0},"end":{"line":198,"column":48}},"198":{"start":{"line":199,"column":0},"end":{"line":199,"column":46}},"199":{"start":{"line":200,"column":0},"end":{"line":200,"column":55}},"200":{"start":{"line":201,"column":0},"end":{"line":201,"column":3}},"201":{"start":{"line":202,"column":0},"end":{"line":202,"column":0}},"202":{"start":{"line":203,"column":0},"end":{"line":203,"column":28}},"203":{"start":{"line":204,"column":0},"end":{"line":204,"column":30}},"204":{"start":{"line":205,"column":0},"end":{"line":205,"column":0}},"205":{"start":{"line":206,"column":0},"end":{"line":206,"column":21}},"206":{"start":{"line":207,"column":0},"end":{"line":207,"column":58}},"207":{"start":{"line":208,"column":0},"end":{"line":208,"column":46}},"208":{"start":{"line":209,"column":0},"end":{"line":209,"column":22}},"209":{"start":{"line":210,"column":0},"end":{"line":210,"column":42}},"210":{"start":{"line":211,"column":0},"end":{"line":211,"column":4}},"211":{"start":{"line":212,"column":0},"end":{"line":212,"column":58}},"212":{"start":{"line":213,"column":0},"end":{"line":213,"column":0}},"213":{"start":{"line":214,"column":0},"end":{"line":214,"column":35}},"214":{"start":{"line":215,"column":0},"end":{"line":215,"column":16}},"215":{"start":{"line":216,"column":0},"end":{"line":216,"column":16}},"216":{"start":{"line":217,"column":0},"end":{"line":217,"column":13}},"217":{"start":{"line":218,"column":0},"end":{"line":218,"column":4}},"218":{"start":{"line":219,"column":0},"end":{"line":219,"column":0}},"219":{"start":{"line":220,"column":0},"end":{"line":220,"column":13}},"220":{"start":{"line":221,"column":0},"end":{"line":221,"column":24}},"221":{"start":{"line":222,"column":0},"end":{"line":222,"column":24}},"222":{"start":{"line":223,"column":0},"end":{"line":223,"column":49}},"223":{"start":{"line":224,"column":0},"end":{"line":224,"column":49}},"224":{"start":{"line":225,"column":0},"end":{"line":225,"column":0}},"225":{"start":{"line":226,"column":0},"end":{"line":226,"column":61}},"226":{"start":{"line":227,"column":0},"end":{"line":227,"column":16}},"227":{"start":{"line":228,"column":0},"end":{"line":228,"column":16}},"228":{"start":{"line":229,"column":0},"end":{"line":229,"column":11}},"229":{"start":{"line":230,"column":0},"end":{"line":230,"column":19}},"230":{"start":{"line":231,"column":0},"end":{"line":231,"column":19}},"231":{"start":{"line":232,"column":0},"end":{"line":232,"column":4}},"232":{"start":{"line":233,"column":0},"end":{"line":233,"column":26}},"233":{"start":{"line":234,"column":0},"end":{"line":234,"column":0}},"234":{"start":{"line":235,"column":0},"end":{"line":235,"column":28}},"235":{"start":{"line":236,"column":0},"end":{"line":236,"column":3}},"236":{"start":{"line":237,"column":0},"end":{"line":237,"column":2}},"237":{"start":{"line":238,"column":0},"end":{"line":238,"column":0}},"238":{"start":{"line":239,"column":0},"end":{"line":239,"column":59}},"239":{"start":{"line":240,"column":0},"end":{"line":240,"column":59}},"240":{"start":{"line":241,"column":0},"end":{"line":241,"column":15}},"241":{"start":{"line":242,"column":0},"end":{"line":242,"column":53}},"242":{"start":{"line":243,"column":0},"end":{"line":243,"column":0}},"243":{"start":{"line":244,"column":0},"end":{"line":244,"column":12}},"244":{"start":{"line":245,"column":0},"end":{"line":245,"column":43}},"245":{"start":{"line":246,"column":0},"end":{"line":246,"column":19}},"246":{"start":{"line":247,"column":0},"end":{"line":247,"column":36}},"247":{"start":{"line":248,"column":0},"end":{"line":248,"column":30}},"248":{"start":{"line":249,"column":0},"end":{"line":249,"column":18}},"249":{"start":{"line":250,"column":0},"end":{"line":250,"column":3}},"250":{"start":{"line":251,"column":0},"end":{"line":251,"column":0}},"251":{"start":{"line":252,"column":0},"end":{"line":252,"column":24}},"252":{"start":{"line":253,"column":0},"end":{"line":253,"column":20}},"253":{"start":{"line":254,"column":0},"end":{"line":254,"column":24}},"254":{"start":{"line":255,"column":0},"end":{"line":255,"column":24}},"255":{"start":{"line":256,"column":0},"end":{"line":256,"column":73}},"256":{"start":{"line":257,"column":0},"end":{"line":257,"column":44}},"257":{"start":{"line":258,"column":0},"end":{"line":258,"column":6}},"258":{"start":{"line":259,"column":0},"end":{"line":259,"column":3}},"259":{"start":{"line":260,"column":0},"end":{"line":260,"column":0}},"260":{"start":{"line":261,"column":0},"end":{"line":261,"column":66}},"261":{"start":{"line":262,"column":0},"end":{"line":262,"column":0}},"262":{"start":{"line":263,"column":0},"end":{"line":263,"column":39}},"263":{"start":{"line":264,"column":0},"end":{"line":264,"column":43}},"264":{"start":{"line":265,"column":0},"end":{"line":265,"column":48}},"265":{"start":{"line":266,"column":0},"end":{"line":266,"column":0}},"266":{"start":{"line":267,"column":0},"end":{"line":267,"column":20}},"267":{"start":{"line":268,"column":0},"end":{"line":268,"column":87}},"268":{"start":{"line":269,"column":0},"end":{"line":269,"column":0}},"269":{"start":{"line":270,"column":0},"end":{"line":270,"column":36}},"270":{"start":{"line":271,"column":0},"end":{"line":271,"column":48}},"271":{"start":{"line":272,"column":0},"end":{"line":272,"column":57}},"272":{"start":{"line":273,"column":0},"end":{"line":273,"column":82}},"273":{"start":{"line":274,"column":0},"end":{"line":274,"column":5}},"274":{"start":{"line":275,"column":0},"end":{"line":275,"column":0}},"275":{"start":{"line":276,"column":0},"end":{"line":276,"column":34}},"276":{"start":{"line":277,"column":0},"end":{"line":277,"column":0}},"277":{"start":{"line":278,"column":0},"end":{"line":278,"column":60}},"278":{"start":{"line":279,"column":0},"end":{"line":279,"column":60}},"279":{"start":{"line":280,"column":0},"end":{"line":280,"column":66}},"280":{"start":{"line":281,"column":0},"end":{"line":281,"column":90}},"281":{"start":{"line":282,"column":0},"end":{"line":282,"column":54}},"282":{"start":{"line":283,"column":0},"end":{"line":283,"column":4}},"283":{"start":{"line":284,"column":0},"end":{"line":284,"column":0}},"284":{"start":{"line":285,"column":0},"end":{"line":285,"column":34}},"285":{"start":{"line":286,"column":0},"end":{"line":286,"column":0}},"286":{"start":{"line":287,"column":0},"end":{"line":287,"column":30}},"287":{"start":{"line":288,"column":0},"end":{"line":288,"column":26}},"288":{"start":{"line":289,"column":0},"end":{"line":289,"column":14}},"289":{"start":{"line":290,"column":0},"end":{"line":290,"column":31}},"290":{"start":{"line":291,"column":0},"end":{"line":291,"column":19}},"291":{"start":{"line":292,"column":0},"end":{"line":292,"column":43}},"292":{"start":{"line":293,"column":0},"end":{"line":293,"column":45}},"293":{"start":{"line":294,"column":0},"end":{"line":294,"column":25}},"294":{"start":{"line":295,"column":0},"end":{"line":295,"column":13}},"295":{"start":{"line":296,"column":0},"end":{"line":296,"column":7}},"296":{"start":{"line":297,"column":0},"end":{"line":297,"column":4}},"297":{"start":{"line":298,"column":0},"end":{"line":298,"column":3}},"298":{"start":{"line":299,"column":0},"end":{"line":299,"column":2}},"299":{"start":{"line":300,"column":0},"end":{"line":300,"column":0}},"300":{"start":{"line":301,"column":0},"end":{"line":301,"column":39}},"301":{"start":{"line":302,"column":0},"end":{"line":302,"column":55}},"302":{"start":{"line":303,"column":0},"end":{"line":303,"column":110}},"303":{"start":{"line":304,"column":0},"end":{"line":304,"column":0}},"304":{"start":{"line":305,"column":0},"end":{"line":305,"column":72}},"305":{"start":{"line":306,"column":0},"end":{"line":306,"column":17}},"306":{"start":{"line":307,"column":0},"end":{"line":307,"column":73}},"307":{"start":{"line":308,"column":0},"end":{"line":308,"column":42}},"308":{"start":{"line":309,"column":0},"end":{"line":309,"column":54}},"309":{"start":{"line":310,"column":0},"end":{"line":310,"column":32}},"310":{"start":{"line":311,"column":0},"end":{"line":311,"column":41}},"311":{"start":{"line":312,"column":0},"end":{"line":312,"column":41}},"312":{"start":{"line":313,"column":0},"end":{"line":313,"column":46}},"313":{"start":{"line":314,"column":0},"end":{"line":314,"column":11}},"314":{"start":{"line":315,"column":0},"end":{"line":315,"column":35}},"315":{"start":{"line":316,"column":0},"end":{"line":316,"column":31}},"316":{"start":{"line":317,"column":0},"end":{"line":317,"column":30}},"317":{"start":{"line":318,"column":0},"end":{"line":318,"column":5}},"318":{"start":{"line":319,"column":0},"end":{"line":319,"column":3}},"319":{"start":{"line":320,"column":0},"end":{"line":320,"column":0}},"320":{"start":{"line":321,"column":0},"end":{"line":321,"column":39}},"321":{"start":{"line":322,"column":0},"end":{"line":322,"column":39}},"322":{"start":{"line":323,"column":0},"end":{"line":323,"column":46}},"323":{"start":{"line":324,"column":0},"end":{"line":324,"column":0}},"324":{"start":{"line":325,"column":0},"end":{"line":325,"column":10}},"325":{"start":{"line":326,"column":0},"end":{"line":326,"column":34}},"326":{"start":{"line":327,"column":0},"end":{"line":327,"column":30}},"327":{"start":{"line":328,"column":0},"end":{"line":328,"column":29}},"328":{"start":{"line":329,"column":0},"end":{"line":329,"column":4}},"329":{"start":{"line":330,"column":0},"end":{"line":330,"column":2}},"330":{"start":{"line":331,"column":0},"end":{"line":331,"column":0}},"331":{"start":{"line":332,"column":0},"end":{"line":332,"column":57}},"332":{"start":{"line":333,"column":0},"end":{"line":333,"column":75}},"333":{"start":{"line":334,"column":0},"end":{"line":334,"column":31}},"334":{"start":{"line":335,"column":0},"end":{"line":335,"column":63}},"335":{"start":{"line":336,"column":0},"end":{"line":336,"column":10}},"336":{"start":{"line":337,"column":0},"end":{"line":337,"column":47}},"337":{"start":{"line":338,"column":0},"end":{"line":338,"column":47}},"338":{"start":{"line":339,"column":0},"end":{"line":339,"column":10}},"339":{"start":{"line":340,"column":0},"end":{"line":340,"column":4}},"340":{"start":{"line":341,"column":0},"end":{"line":341,"column":2}},"341":{"start":{"line":342,"column":0},"end":{"line":342,"column":0}},"342":{"start":{"line":343,"column":0},"end":{"line":343,"column":27}},"343":{"start":{"line":344,"column":0},"end":{"line":344,"column":13}},"344":{"start":{"line":345,"column":0},"end":{"line":345,"column":13}},"345":{"start":{"line":346,"column":0},"end":{"line":346,"column":13}},"346":{"start":{"line":347,"column":0},"end":{"line":347,"column":13}},"347":{"start":{"line":348,"column":0},"end":{"line":348,"column":13}},"348":{"start":{"line":349,"column":0},"end":{"line":349,"column":13}},"349":{"start":{"line":350,"column":0},"end":{"line":350,"column":13}},"350":{"start":{"line":351,"column":0},"end":{"line":351,"column":13}},"351":{"start":{"line":352,"column":0},"end":{"line":352,"column":4}},"352":{"start":{"line":353,"column":0},"end":{"line":353,"column":60}},"353":{"start":{"line":354,"column":0},"end":{"line":354,"column":30}},"354":{"start":{"line":355,"column":0},"end":{"line":355,"column":71}},"355":{"start":{"line":356,"column":0},"end":{"line":356,"column":70}},"356":{"start":{"line":357,"column":0},"end":{"line":357,"column":60}},"357":{"start":{"line":358,"column":0},"end":{"line":358,"column":2}},"358":{"start":{"line":359,"column":0},"end":{"line":359,"column":0}},"359":{"start":{"line":360,"column":0},"end":{"line":360,"column":86}},"360":{"start":{"line":361,"column":0},"end":{"line":361,"column":44}},"361":{"start":{"line":362,"column":0},"end":{"line":362,"column":31}},"362":{"start":{"line":363,"column":0},"end":{"line":363,"column":83}},"363":{"start":{"line":364,"column":0},"end":{"line":364,"column":3}},"364":{"start":{"line":365,"column":0},"end":{"line":365,"column":15}},"365":{"start":{"line":366,"column":0},"end":{"line":366,"column":2}},"366":{"start":{"line":367,"column":0},"end":{"line":367,"column":0}},"367":{"start":{"line":368,"column":0},"end":{"line":368,"column":44}},"368":{"start":{"line":369,"column":0},"end":{"line":369,"column":32}},"369":{"start":{"line":370,"column":0},"end":{"line":370,"column":39}},"370":{"start":{"line":371,"column":0},"end":{"line":371,"column":34}},"371":{"start":{"line":372,"column":0},"end":{"line":372,"column":15}},"372":{"start":{"line":373,"column":0},"end":{"line":373,"column":3}},"373":{"start":{"line":374,"column":0},"end":{"line":374,"column":39}},"374":{"start":{"line":375,"column":0},"end":{"line":375,"column":34}},"375":{"start":{"line":376,"column":0},"end":{"line":376,"column":15}},"376":{"start":{"line":377,"column":0},"end":{"line":377,"column":3}},"377":{"start":{"line":378,"column":0},"end":{"line":378,"column":39}},"378":{"start":{"line":379,"column":0},"end":{"line":379,"column":34}},"379":{"start":{"line":380,"column":0},"end":{"line":380,"column":15}},"380":{"start":{"line":381,"column":0},"end":{"line":381,"column":3}},"381":{"start":{"line":382,"column":0},"end":{"line":382,"column":39}},"382":{"start":{"line":383,"column":0},"end":{"line":383,"column":34}},"383":{"start":{"line":384,"column":0},"end":{"line":384,"column":15}},"384":{"start":{"line":385,"column":0},"end":{"line":385,"column":3}},"385":{"start":{"line":386,"column":0},"end":{"line":386,"column":2}},"386":{"start":{"line":387,"column":0},"end":{"line":387,"column":0}},"387":{"start":{"line":388,"column":0},"end":{"line":388,"column":21}},"388":{"start":{"line":389,"column":0},"end":{"line":389,"column":17}},"389":{"start":{"line":390,"column":0},"end":{"line":390,"column":10}},"390":{"start":{"line":391,"column":0},"end":{"line":391,"column":14}},"391":{"start":{"line":392,"column":0},"end":{"line":392,"column":13}},"392":{"start":{"line":393,"column":0},"end":{"line":393,"column":13}},"393":{"start":{"line":394,"column":0},"end":{"line":394,"column":17}},"394":{"start":{"line":395,"column":0},"end":{"line":395,"column":17}},"395":{"start":{"line":396,"column":0},"end":{"line":396,"column":19}},"396":{"start":{"line":397,"column":0},"end":{"line":397,"column":30}},"397":{"start":{"line":398,"column":0},"end":{"line":398,"column":6}},"398":{"start":{"line":399,"column":0},"end":{"line":399,"column":4}},"399":{"start":{"line":400,"column":0},"end":{"line":400,"column":10}},"400":{"start":{"line":401,"column":0},"end":{"line":401,"column":23}},"401":{"start":{"line":402,"column":0},"end":{"line":402,"column":34}},"402":{"start":{"line":403,"column":0},"end":{"line":403,"column":13}},"403":{"start":{"line":404,"column":0},"end":{"line":404,"column":11}},"404":{"start":{"line":405,"column":0},"end":{"line":405,"column":11}},"405":{"start":{"line":406,"column":0},"end":{"line":406,"column":15}},"406":{"start":{"line":407,"column":0},"end":{"line":407,"column":15}},"407":{"start":{"line":408,"column":0},"end":{"line":408,"column":23}},"408":{"start":{"line":409,"column":0},"end":{"line":409,"column":39}},"409":{"start":{"line":410,"column":0},"end":{"line":410,"column":7}},"410":{"start":{"line":411,"column":0},"end":{"line":411,"column":4}},"411":{"start":{"line":412,"column":0},"end":{"line":412,"column":2}},"412":{"start":{"line":413,"column":0},"end":{"line":413,"column":1}}},"s":{"0":1,"1":1,"2":1,"3":1,"4":1,"5":1,"6":1,"7":1,"8":1,"9":1,"10":1,"11":1,"12":1,"13":1,"14":1,"15":1,"16":1,"17":1,"18":1,"19":1,"20":1,"21":1,"22":1,"23":1,"24":1,"25":1,"26":1,"27":1,"28":1,"29":1,"30":1,"31":1,"32":1,"33":1,"34":1,"35":1,"36":1,"37":1,"38":1,"39":1,"40":1,"41":1,"42":1,"43":1,"44":1,"45":1,"46":1,"47":1,"48":1,"49":1,"50":1,"51":1,"52":1,"53":1,"54":1,"55":1,"56":1,"57":1,"58":1,"59":1,"60":1,"61":1,"62":6,"63":6,"64":6,"65":6,"66":6,"67":6,"68":6,"69":6,"70":6,"71":6,"72":1,"73":1,"74":1,"75":1,"76":1,"77":1,"78":0,"79":0,"80":1,"81":1,"82":4,"83":4,"84":1,"85":1,"86":0,"87":0,"88":1,"89":1,"90":0,"91":0,"92":1,"93":1,"94":0,"95":0,"96":1,"97":1,"98":0,"99":0,"100":1,"101":1,"102":0,"103":0,"104":1,"105":1,"106":10,"107":10,"108":10,"109":10,"110":10,"111":10,"112":10,"113":10,"114":10,"115":10,"116":10,"117":10,"118":10,"119":10,"120":10,"121":10,"122":10,"123":10,"124":10,"125":10,"126":10,"127":10,"128":10,"129":10,"130":10,"131":12,"132":12,"133":12,"134":12,"135":10,"136":52,"137":52,"138":52,"139":10,"140":10,"141":10,"142":10,"143":10,"144":10,"145":10,"146":10,"147":10,"148":10,"149":10,"150":10,"151":10,"152":10,"153":0,"154":0,"155":10,"156":10,"157":10,"158":10,"159":1,"160":1,"161":0,"162":0,"163":0,"164":0,"165":0,"166":1,"167":1,"168":0,"169":0,"170":0,"171":0,"172":0,"173":1,"174":1,"175":0,"176":0,"177":0,"178":0,"179":0,"180":1,"181":1,"182":0,"183":0,"184":1,"185":1,"186":0,"187":0,"188":0,"189":0,"190":0,"191":0,"192":1,"193":1,"194":8,"195":8,"196":8,"197":8,"198":4,"199":4,"200":4,"201":8,"202":8,"203":12,"204":12,"205":12,"206":12,"207":12,"208":12,"209":3,"210":3,"211":12,"212":12,"213":12,"214":0,"215":0,"216":0,"217":0,"218":12,"219":12,"220":12,"221":12,"222":12,"223":12,"224":12,"225":12,"226":1,"227":1,"228":11,"229":11,"230":11,"231":11,"232":12,"233":12,"234":12,"235":12,"236":8,"237":1,"238":1,"239":21,"240":21,"241":21,"242":21,"243":21,"244":21,"245":21,"246":21,"247":0,"248":0,"249":0,"250":21,"251":21,"252":0,"253":0,"254":0,"255":0,"256":0,"257":0,"258":0,"259":21,"260":21,"261":21,"262":21,"263":40,"264":40,"265":19,"266":19,"267":38,"268":19,"269":19,"270":19,"271":19,"272":19,"273":19,"274":19,"275":38,"276":19,"277":19,"278":40,"279":19,"280":19,"281":19,"282":19,"283":19,"284":19,"285":19,"286":19,"287":19,"288":19,"289":19,"290":19,"291":19,"292":19,"293":19,"294":19,"295":19,"296":19,"297":40,"298":21,"299":1,"300":1,"301":12,"302":12,"303":12,"304":12,"305":12,"306":1,"307":1,"308":1,"309":1,"310":1,"311":1,"312":1,"313":1,"314":1,"315":1,"316":1,"317":1,"318":1,"319":11,"320":11,"321":11,"322":11,"323":11,"324":11,"325":11,"326":11,"327":11,"328":11,"329":11,"330":1,"331":1,"332":0,"333":0,"334":0,"335":0,"336":0,"337":0,"338":0,"339":0,"340":0,"341":1,"342":1,"343":2,"344":2,"345":2,"346":2,"347":2,"348":2,"349":2,"350":2,"351":2,"352":2,"353":2,"354":1,"355":1,"356":2,"357":2,"358":1,"359":1,"360":31,"361":2,"362":2,"363":2,"364":1,"365":1,"366":1,"367":1,"368":12,"369":4,"370":0,"371":0,"372":0,"373":4,"374":1,"375":1,"376":1,"377":4,"378":0,"379":0,"380":0,"381":4,"382":0,"383":0,"384":0,"385":12,"386":1,"387":1,"388":5,"389":5,"390":5,"391":5,"392":5,"393":5,"394":5,"395":5,"396":5,"397":5,"398":5,"399":5,"400":5,"401":5,"402":6,"403":6,"404":6,"405":6,"406":6,"407":6,"408":6,"409":6,"410":5,"411":5,"412":1},"branchMap":{"0":{"type":"branch","line":74,"loc":{"start":{"line":74,"column":8},"end":{"line":76,"column":2}},"locations":[{"start":{"line":74,"column":8},"end":{"line":76,"column":2}}]},"1":{"type":"branch","line":82,"loc":{"start":{"line":82,"column":8},"end":{"line":84,"column":2}},"locations":[{"start":{"line":82,"column":8},"end":{"line":84,"column":2}}]},"2":{"type":"branch","line":106,"loc":{"start":{"line":106,"column":8},"end":{"line":159,"column":2}},"locations":[{"start":{"line":106,"column":8},"end":{"line":159,"column":2}}]},"3":{"type":"branch","line":149,"loc":{"start":{"line":149,"column":34},"end":{"line":149,"column":50}},"locations":[{"start":{"line":149,"column":34},"end":{"line":149,"column":50}}]},"4":{"type":"branch","line":153,"loc":{"start":{"line":153,"column":19},"end":{"line":155,"column":3}},"locations":[{"start":{"line":153,"column":19},"end":{"line":155,"column":3}}]},"5":{"type":"branch","line":130,"loc":{"start":{"line":130,"column":11},"end":{"line":130,"column":39}},"locations":[{"start":{"line":130,"column":11},"end":{"line":130,"column":39}}]},"6":{"type":"branch","line":131,"loc":{"start":{"line":131,"column":14},"end":{"line":135,"column":5}},"locations":[{"start":{"line":131,"column":14},"end":{"line":135,"column":5}}]},"7":{"type":"branch","line":136,"loc":{"start":{"line":136,"column":22},"end":{"line":139,"column":5}},"locations":[{"start":{"line":136,"column":22},"end":{"line":139,"column":5}}]},"8":{"type":"branch","line":140,"loc":{"start":{"line":140,"column":14},"end":{"line":140,"column":31}},"locations":[{"start":{"line":140,"column":14},"end":{"line":140,"column":31}}]},"9":{"type":"branch","line":141,"loc":{"start":{"line":141,"column":14},"end":{"line":141,"column":58}},"locations":[{"start":{"line":141,"column":14},"end":{"line":141,"column":58}}]},"10":{"type":"branch","line":194,"loc":{"start":{"line":194,"column":8},"end":{"line":237,"column":2}},"locations":[{"start":{"line":194,"column":8},"end":{"line":237,"column":2}}]},"11":{"type":"branch","line":198,"loc":{"start":{"line":198,"column":47},"end":{"line":201,"column":3}},"locations":[{"start":{"line":198,"column":47},"end":{"line":201,"column":3}}]},"12":{"type":"branch","line":203,"loc":{"start":{"line":203,"column":27},"end":{"line":236,"column":3}},"locations":[{"start":{"line":203,"column":27},"end":{"line":236,"column":3}}]},"13":{"type":"branch","line":209,"loc":{"start":{"line":209,"column":21},"end":{"line":211,"column":4}},"locations":[{"start":{"line":209,"column":21},"end":{"line":211,"column":4}}]},"14":{"type":"branch","line":212,"loc":{"start":{"line":212,"column":33},"end":{"line":212,"column":58}},"locations":[{"start":{"line":212,"column":33},"end":{"line":212,"column":58}}]},"15":{"type":"branch","line":214,"loc":{"start":{"line":214,"column":34},"end":{"line":218,"column":4}},"locations":[{"start":{"line":214,"column":34},"end":{"line":218,"column":4}}]},"16":{"type":"branch","line":226,"loc":{"start":{"line":226,"column":60},"end":{"line":232,"column":4}},"locations":[{"start":{"line":226,"column":60},"end":{"line":232,"column":4}}]},"17":{"type":"branch","line":226,"loc":{"start":{"line":226,"column":60},"end":{"line":229,"column":10}},"locations":[{"start":{"line":226,"column":60},"end":{"line":229,"column":10}}]},"18":{"type":"branch","line":197,"loc":{"start":{"line":197,"column":33},"end":{"line":197,"column":46}},"locations":[{"start":{"line":197,"column":33},"end":{"line":197,"column":46}}]},"19":{"type":"branch","line":239,"loc":{"start":{"line":239,"column":9},"end":{"line":299,"column":2}},"locations":[{"start":{"line":239,"column":9},"end":{"line":299,"column":2}}]},"20":{"type":"branch","line":242,"loc":{"start":{"line":242,"column":46},"end":{"line":242,"column":53}},"locations":[{"start":{"line":242,"column":46},"end":{"line":242,"column":53}}]},"21":{"type":"branch","line":247,"loc":{"start":{"line":247,"column":35},"end":{"line":250,"column":3}},"locations":[{"start":{"line":247,"column":35},"end":{"line":250,"column":3}}]},"22":{"type":"branch","line":252,"loc":{"start":{"line":252,"column":23},"end":{"line":259,"column":3}},"locations":[{"start":{"line":252,"column":23},"end":{"line":259,"column":3}}]},"23":{"type":"branch","line":261,"loc":{"start":{"line":261,"column":24},"end":{"line":261,"column":57}},"locations":[{"start":{"line":261,"column":24},"end":{"line":261,"column":57}}]},"24":{"type":"branch","line":261,"loc":{"start":{"line":261,"column":59},"end":{"line":261,"column":66}},"locations":[{"start":{"line":261,"column":59},"end":{"line":261,"column":66}}]},"25":{"type":"branch","line":263,"loc":{"start":{"line":263,"column":38},"end":{"line":298,"column":3}},"locations":[{"start":{"line":263,"column":38},"end":{"line":298,"column":3}}]},"26":{"type":"branch","line":264,"loc":{"start":{"line":264,"column":34},"end":{"line":265,"column":39}},"locations":[{"start":{"line":264,"column":34},"end":{"line":265,"column":39}}]},"27":{"type":"branch","line":264,"loc":{"start":{"line":264,"column":34},"end":{"line":265,"column":39}},"locations":[{"start":{"line":264,"column":34},"end":{"line":265,"column":39}}]},"28":{"type":"branch","line":265,"loc":{"start":{"line":265,"column":39},"end":{"line":279,"column":59}},"locations":[{"start":{"line":265,"column":39},"end":{"line":279,"column":59}}]},"29":{"type":"branch","line":265,"loc":{"start":{"line":265,"column":39},"end":{"line":265,"column":48}},"locations":[{"start":{"line":265,"column":39},"end":{"line":265,"column":48}}]},"30":{"type":"branch","line":265,"loc":{"start":{"line":265,"column":39},"end":{"line":268,"column":78}},"locations":[{"start":{"line":265,"column":39},"end":{"line":268,"column":78}}]},"31":{"type":"branch","line":268,"loc":{"start":{"line":268,"column":78},"end":{"line":268,"column":87}},"locations":[{"start":{"line":268,"column":78},"end":{"line":268,"column":87}}]},"32":{"type":"branch","line":268,"loc":{"start":{"line":268,"column":78},"end":{"line":276,"column":25}},"locations":[{"start":{"line":268,"column":78},"end":{"line":276,"column":25}}]},"33":{"type":"branch","line":276,"loc":{"start":{"line":276,"column":25},"end":{"line":276,"column":34}},"locations":[{"start":{"line":276,"column":25},"end":{"line":276,"column":34}}]},"34":{"type":"branch","line":276,"loc":{"start":{"line":276,"column":25},"end":{"line":279,"column":59}},"locations":[{"start":{"line":276,"column":25},"end":{"line":279,"column":59}}]},"35":{"type":"branch","line":279,"loc":{"start":{"line":279,"column":59},"end":{"line":297,"column":4}},"locations":[{"start":{"line":279,"column":59},"end":{"line":297,"column":4}}]},"36":{"type":"branch","line":240,"loc":{"start":{"line":240,"column":33},"end":{"line":240,"column":59}},"locations":[{"start":{"line":240,"column":33},"end":{"line":240,"column":59}}]},"37":{"type":"branch","line":301,"loc":{"start":{"line":301,"column":9},"end":{"line":330,"column":2}},"locations":[{"start":{"line":301,"column":9},"end":{"line":330,"column":2}}]},"38":{"type":"branch","line":303,"loc":{"start":{"line":303,"column":13},"end":{"line":303,"column":110}},"locations":[{"start":{"line":303,"column":13},"end":{"line":303,"column":110}}]},"39":{"type":"branch","line":305,"loc":{"start":{"line":305,"column":39},"end":{"line":305,"column":72}},"locations":[{"start":{"line":305,"column":39},"end":{"line":305,"column":72}}]},"40":{"type":"branch","line":306,"loc":{"start":{"line":306,"column":16},"end":{"line":319,"column":3}},"locations":[{"start":{"line":306,"column":16},"end":{"line":319,"column":3}}]},"41":{"type":"branch","line":319,"loc":{"start":{"line":319,"column":2},"end":{"line":330,"column":2}},"locations":[{"start":{"line":319,"column":2},"end":{"line":330,"column":2}}]},"42":{"type":"branch","line":302,"loc":{"start":{"line":302,"column":31},"end":{"line":302,"column":55}},"locations":[{"start":{"line":302,"column":31},"end":{"line":302,"column":55}}]},"43":{"type":"branch","line":343,"loc":{"start":{"line":343,"column":9},"end":{"line":358,"column":2}},"locations":[{"start":{"line":343,"column":9},"end":{"line":358,"column":2}}]},"44":{"type":"branch","line":354,"loc":{"start":{"line":354,"column":17},"end":{"line":357,"column":37}},"locations":[{"start":{"line":354,"column":17},"end":{"line":357,"column":37}}]},"45":{"type":"branch","line":357,"loc":{"start":{"line":357,"column":32},"end":{"line":357,"column":50}},"locations":[{"start":{"line":357,"column":32},"end":{"line":357,"column":50}}]},"46":{"type":"branch","line":357,"loc":{"start":{"line":357,"column":45},"end":{"line":357,"column":60}},"locations":[{"start":{"line":357,"column":45},"end":{"line":357,"column":60}}]},"47":{"type":"branch","line":360,"loc":{"start":{"line":360,"column":9},"end":{"line":366,"column":2}},"locations":[{"start":{"line":360,"column":9},"end":{"line":366,"column":2}}]},"48":{"type":"branch","line":361,"loc":{"start":{"line":361,"column":31},"end":{"line":361,"column":44}},"locations":[{"start":{"line":361,"column":31},"end":{"line":361,"column":44}}]},"49":{"type":"branch","line":361,"loc":{"start":{"line":361,"column":38},"end":{"line":366,"column":2}},"locations":[{"start":{"line":361,"column":38},"end":{"line":366,"column":2}}]},"50":{"type":"branch","line":363,"loc":{"start":{"line":363,"column":71},"end":{"line":363,"column":83}},"locations":[{"start":{"line":363,"column":71},"end":{"line":363,"column":83}}]},"51":{"type":"branch","line":364,"loc":{"start":{"line":364,"column":2},"end":{"line":366,"column":2}},"locations":[{"start":{"line":364,"column":2},"end":{"line":366,"column":2}}]},"52":{"type":"branch","line":368,"loc":{"start":{"line":368,"column":9},"end":{"line":386,"column":2}},"locations":[{"start":{"line":368,"column":9},"end":{"line":386,"column":2}}]},"53":{"type":"branch","line":369,"loc":{"start":{"line":369,"column":25},"end":{"line":369,"column":32}},"locations":[{"start":{"line":369,"column":25},"end":{"line":369,"column":32}}]},"54":{"type":"branch","line":369,"loc":{"start":{"line":369,"column":25},"end":{"line":385,"column":3}},"locations":[{"start":{"line":369,"column":25},"end":{"line":385,"column":3}}]},"55":{"type":"branch","line":370,"loc":{"start":{"line":370,"column":38},"end":{"line":373,"column":3}},"locations":[{"start":{"line":370,"column":38},"end":{"line":373,"column":3}}]},"56":{"type":"branch","line":374,"loc":{"start":{"line":374,"column":38},"end":{"line":377,"column":3}},"locations":[{"start":{"line":374,"column":38},"end":{"line":377,"column":3}}]},"57":{"type":"branch","line":378,"loc":{"start":{"line":378,"column":38},"end":{"line":381,"column":3}},"locations":[{"start":{"line":378,"column":38},"end":{"line":381,"column":3}}]},"58":{"type":"branch","line":382,"loc":{"start":{"line":382,"column":38},"end":{"line":385,"column":3}},"locations":[{"start":{"line":382,"column":38},"end":{"line":385,"column":3}}]},"59":{"type":"branch","line":388,"loc":{"start":{"line":388,"column":8},"end":{"line":412,"column":2}},"locations":[{"start":{"line":388,"column":8},"end":{"line":412,"column":2}}]},"60":{"type":"branch","line":402,"loc":{"start":{"line":402,"column":25},"end":{"line":410,"column":7}},"locations":[{"start":{"line":402,"column":25},"end":{"line":410,"column":7}}]},"61":{"type":"branch","line":62,"loc":{"start":{"line":62,"column":1},"end":{"line":72,"column":2}},"locations":[{"start":{"line":62,"column":1},"end":{"line":72,"column":2}}]},"62":{"type":"branch","line":63,"loc":{"start":{"line":63,"column":19},"end":{"line":63,"column":56}},"locations":[{"start":{"line":63,"column":19},"end":{"line":63,"column":56}}]},"63":{"type":"branch","line":63,"loc":{"start":{"line":63,"column":52},"end":{"line":63,"column":67}},"locations":[{"start":{"line":63,"column":52},"end":{"line":63,"column":67}}]},"64":{"type":"branch","line":64,"loc":{"start":{"line":64,"column":30},"end":{"line":64,"column":51}},"locations":[{"start":{"line":64,"column":30},"end":{"line":64,"column":51}}]},"65":{"type":"branch","line":65,"loc":{"start":{"line":65,"column":26},"end":{"line":65,"column":42}},"locations":[{"start":{"line":65,"column":26},"end":{"line":65,"column":42}}]},"66":{"type":"branch","line":68,"loc":{"start":{"line":68,"column":34},"end":{"line":68,"column":47}},"locations":[{"start":{"line":68,"column":34},"end":{"line":68,"column":47}}]}},"b":{"0":[1],"1":[4],"2":[10],"3":[8],"4":[0],"5":[12],"6":[12],"7":[52],"8":[22],"9":[21],"10":[8],"11":[4],"12":[12],"13":[3],"14":[0],"15":[0],"16":[11],"17":[1],"18":[12],"19":[21],"20":[0],"21":[0],"22":[0],"23":[0],"24":[0],"25":[40],"26":[21],"27":[19],"28":[38],"29":[0],"30":[19],"31":[0],"32":[19],"33":[0],"34":[19],"35":[19],"36":[33],"37":[12],"38":[0],"39":[11],"40":[1],"41":[11],"42":[16],"43":[2],"44":[1],"45":[1],"46":[1],"47":[31],"48":[29],"49":[2],"50":[1],"51":[1],"52":[12],"53":[8],"54":[4],"55":[0],"56":[1],"57":[0],"58":[0],"59":[5],"60":[6],"61":[6],"62":[4],"63":[2],"64":[1],"65":[1],"66":[2]},"fnMap":{"0":{"name":"setWalls","decl":{"start":{"line":74,"column":8},"end":{"line":76,"column":2}},"loc":{"start":{"line":74,"column":8},"end":{"line":76,"column":2}},"line":74},"1":{"name":"addWall","decl":{"start":{"line":78,"column":8},"end":{"line":80,"column":2}},"loc":{"start":{"line":78,"column":8},"end":{"line":80,"column":2}},"line":78},"2":{"name":"setHooks","decl":{"start":{"line":82,"column":8},"end":{"line":84,"column":2}},"loc":{"start":{"line":82,"column":8},"end":{"line":84,"column":2}},"line":82},"3":{"name":"setUwbRangeMeters","decl":{"start":{"line":86,"column":8},"end":{"line":88,"column":2}},"loc":{"start":{"line":86,"column":8},"end":{"line":88,"column":2}},"line":86},"4":{"name":"setPacketLoss","decl":{"start":{"line":90,"column":8},"end":{"line":92,"column":2}},"loc":{"start":{"line":90,"column":8},"end":{"line":92,"column":2}},"line":90},"5":{"name":"setUwbNoiseSigma","decl":{"start":{"line":94,"column":8},"end":{"line":96,"column":2}},"loc":{"start":{"line":94,"column":8},"end":{"line":96,"column":2}},"line":94},"6":{"name":"setUwbAngleNoiseStdRad","decl":{"start":{"line":98,"column":8},"end":{"line":100,"column":2}},"loc":{"start":{"line":98,"column":8},"end":{"line":100,"column":2}},"line":98},"7":{"name":"getTimeMs","decl":{"start":{"line":102,"column":8},"end":{"line":104,"column":2}},"loc":{"start":{"line":102,"column":8},"end":{"line":104,"column":2}},"line":102},"8":{"name":"addNode","decl":{"start":{"line":106,"column":8},"end":{"line":159,"column":2}},"loc":{"start":{"line":106,"column":8},"end":{"line":159,"column":2}},"line":106},"9":{"name":"getIMU","decl":{"start":{"line":130,"column":11},"end":{"line":130,"column":39}},"loc":{"start":{"line":130,"column":11},"end":{"line":130,"column":39}},"line":130},"10":{"name":"pollRadio","decl":{"start":{"line":131,"column":14},"end":{"line":135,"column":5}},"loc":{"start":{"line":131,"column":14},"end":{"line":135,"column":5}},"line":131},"11":{"name":"getBatteryVoltage","decl":{"start":{"line":136,"column":22},"end":{"line":139,"column":5}},"loc":{"start":{"line":136,"column":22},"end":{"line":139,"column":5}},"line":136},"12":{"name":"getTimeMs","decl":{"start":{"line":140,"column":14},"end":{"line":140,"column":31}},"loc":{"start":{"line":140,"column":14},"end":{"line":140,"column":31}},"line":140},"13":{"name":"radioSend","decl":{"start":{"line":141,"column":14},"end":{"line":141,"column":58}},"loc":{"start":{"line":141,"column":14},"end":{"line":141,"column":58}},"line":141},"14":{"name":"log","decl":{"start":{"line":142,"column":8},"end":{"line":142,"column":21}},"loc":{"start":{"line":142,"column":8},"end":{"line":142,"column":21}},"line":142},"15":{"name":"getGlobalPosition","decl":{"start":{"line":143,"column":22},"end":{"line":143,"column":72}},"loc":{"start":{"line":143,"column":22},"end":{"line":143,"column":72}},"line":143},"16":{"name":"setNodePose","decl":{"start":{"line":161,"column":8},"end":{"line":166,"column":2}},"loc":{"start":{"line":161,"column":8},"end":{"line":166,"column":2}},"line":161},"17":{"name":"setNodeVelocity","decl":{"start":{"line":168,"column":8},"end":{"line":173,"column":2}},"loc":{"start":{"line":168,"column":8},"end":{"line":173,"column":2}},"line":168},"18":{"name":"setNodeBatteryV","decl":{"start":{"line":175,"column":8},"end":{"line":180,"column":2}},"loc":{"start":{"line":175,"column":8},"end":{"line":180,"column":2}},"line":175},"19":{"name":"getNodeIds","decl":{"start":{"line":182,"column":8},"end":{"line":184,"column":2}},"loc":{"start":{"line":182,"column":8},"end":{"line":184,"column":2}},"line":182},"20":{"name":"runFor","decl":{"start":{"line":186,"column":8},"end":{"line":192,"column":2}},"loc":{"start":{"line":186,"column":8},"end":{"line":192,"column":2}},"line":186},"21":{"name":"step","decl":{"start":{"line":194,"column":8},"end":{"line":237,"column":2}},"loc":{"start":{"line":194,"column":8},"end":{"line":237,"column":2}},"line":194},"22":{"name":"transmitPacket","decl":{"start":{"line":239,"column":9},"end":{"line":299,"column":2}},"loc":{"start":{"line":239,"column":9},"end":{"line":299,"column":2}},"line":239},"23":{"name":"syntheticImu","decl":{"start":{"line":301,"column":9},"end":{"line":330,"column":2}},"loc":{"start":{"line":301,"column":9},"end":{"line":330,"column":2}},"line":301},"24":{"name":"syntheticGps","decl":{"start":{"line":332,"column":9},"end":{"line":341,"column":2}},"loc":{"start":{"line":332,"column":9},"end":{"line":341,"column":2}},"line":332},"25":{"name":"segmentsIntersect","decl":{"start":{"line":343,"column":9},"end":{"line":358,"column":2}},"loc":{"start":{"line":343,"column":9},"end":{"line":358,"column":2}},"line":343},"26":{"name":"segmentHitsAnyWall","decl":{"start":{"line":360,"column":9},"end":{"line":366,"column":2}},"loc":{"start":{"line":360,"column":9},"end":{"line":366,"column":2}},"line":360},"27":{"name":"applyBounds","decl":{"start":{"line":368,"column":9},"end":{"line":386,"column":2}},"loc":{"start":{"line":368,"column":9},"end":{"line":386,"column":2}},"line":368},"28":{"name":"snapshot","decl":{"start":{"line":388,"column":8},"end":{"line":412,"column":2}},"loc":{"start":{"line":388,"column":8},"end":{"line":412,"column":2}},"line":388},"29":{"name":"SimulationRunner","decl":{"start":{"line":62,"column":1},"end":{"line":72,"column":2}},"loc":{"start":{"line":62,"column":1},"end":{"line":72,"column":2}},"line":62}},"f":{"0":1,"1":0,"2":4,"3":0,"4":0,"5":0,"6":0,"7":0,"8":10,"9":12,"10":12,"11":52,"12":22,"13":21,"14":0,"15":0,"16":0,"17":0,"18":0,"19":0,"20":0,"21":8,"22":21,"23":12,"24":0,"25":2,"26":31,"27":12,"28":5,"29":6}}
,"/Users/benjamin/Development/GitHub/ICUM-SIM/src/experiments/lib/convergence.ts": {"path":"/Users/benjamin/Development/GitHub/ICUM-SIM/src/experiments/lib/convergence.ts","all":false,"statementMap":{"0":{"start":{"line":1,"column":0},"end":{"line":1,"column":45}},"1":{"start":{"line":2,"column":0},"end":{"line":2,"column":38}},"2":{"start":{"line":3,"column":0},"end":{"line":3,"column":24}},"3":{"start":{"line":4,"column":0},"end":{"line":4,"column":40}},"4":{"start":{"line":5,"column":0},"end":{"line":5,"column":18}},"5":{"start":{"line":6,"column":0},"end":{"line":6,"column":83}},"6":{"start":{"line":7,"column":0},"end":{"line":7,"column":21}},"7":{"start":{"line":8,"column":0},"end":{"line":8,"column":73}},"8":{"start":{"line":9,"column":0},"end":{"line":9,"column":22}},"9":{"start":{"line":10,"column":0},"end":{"line":10,"column":79}},"10":{"start":{"line":11,"column":0},"end":{"line":11,"column":20}},"11":{"start":{"line":12,"column":0},"end":{"line":12,"column":56}},"12":{"start":{"line":13,"column":0},"end":{"line":13,"column":26}},"13":{"start":{"line":14,"column":0},"end":{"line":14,"column":2}},"14":{"start":{"line":15,"column":0},"end":{"line":15,"column":0}},"15":{"start":{"line":16,"column":0},"end":{"line":16,"column":43}},"16":{"start":{"line":17,"column":0},"end":{"line":17,"column":30}},"17":{"start":{"line":18,"column":0},"end":{"line":18,"column":23}},"18":{"start":{"line":19,"column":0},"end":{"line":19,"column":19}},"19":{"start":{"line":20,"column":0},"end":{"line":20,"column":27}},"20":{"start":{"line":21,"column":0},"end":{"line":21,"column":30}},"21":{"start":{"line":22,"column":0},"end":{"line":22,"column":18}},"22":{"start":{"line":23,"column":0},"end":{"line":23,"column":23}},"23":{"start":{"line":24,"column":0},"end":{"line":24,"column":35}},"24":{"start":{"line":25,"column":0},"end":{"line":25,"column":38}},"25":{"start":{"line":26,"column":0},"end":{"line":26,"column":2}},"26":{"start":{"line":27,"column":0},"end":{"line":27,"column":0}},"27":{"start":{"line":28,"column":0},"end":{"line":28,"column":90}},"28":{"start":{"line":29,"column":0},"end":{"line":29,"column":97}},"29":{"start":{"line":30,"column":0},"end":{"line":30,"column":113}},"30":{"start":{"line":31,"column":0},"end":{"line":31,"column":58}},"31":{"start":{"line":32,"column":0},"end":{"line":32,"column":84}},"32":{"start":{"line":33,"column":0},"end":{"line":33,"column":6}},"33":{"start":{"line":34,"column":0},"end":{"line":34,"column":0}},"34":{"start":{"line":35,"column":0},"end":{"line":35,"column":45}},"35":{"start":{"line":36,"column":0},"end":{"line":36,"column":13}},"36":{"start":{"line":37,"column":0},"end":{"line":37,"column":16}},"37":{"start":{"line":38,"column":0},"end":{"line":38,"column":23}},"38":{"start":{"line":39,"column":0},"end":{"line":39,"column":26}},"39":{"start":{"line":40,"column":0},"end":{"line":40,"column":28}},"40":{"start":{"line":41,"column":0},"end":{"line":41,"column":31}},"41":{"start":{"line":42,"column":0},"end":{"line":42,"column":3}},"42":{"start":{"line":43,"column":0},"end":{"line":43,"column":0}},"43":{"start":{"line":44,"column":0},"end":{"line":44,"column":52}},"44":{"start":{"line":45,"column":0},"end":{"line":45,"column":51}},"45":{"start":{"line":46,"column":0},"end":{"line":46,"column":0}},"46":{"start":{"line":47,"column":0},"end":{"line":47,"column":27}},"47":{"start":{"line":48,"column":0},"end":{"line":48,"column":70}},"48":{"start":{"line":49,"column":0},"end":{"line":49,"column":69}},"49":{"start":{"line":50,"column":0},"end":{"line":50,"column":0}},"50":{"start":{"line":51,"column":0},"end":{"line":51,"column":77}},"51":{"start":{"line":52,"column":0},"end":{"line":52,"column":0}},"52":{"start":{"line":53,"column":0},"end":{"line":53,"column":92}},"53":{"start":{"line":54,"column":0},"end":{"line":54,"column":73}},"54":{"start":{"line":55,"column":0},"end":{"line":55,"column":32}},"55":{"start":{"line":56,"column":0},"end":{"line":56,"column":33}},"56":{"start":{"line":57,"column":0},"end":{"line":57,"column":102}},"57":{"start":{"line":58,"column":0},"end":{"line":58,"column":11}},"58":{"start":{"line":59,"column":0},"end":{"line":59,"column":35}},"59":{"start":{"line":60,"column":0},"end":{"line":60,"column":4}},"60":{"start":{"line":61,"column":0},"end":{"line":61,"column":3}},"61":{"start":{"line":62,"column":0},"end":{"line":62,"column":0}},"62":{"start":{"line":63,"column":0},"end":{"line":63,"column":106}},"63":{"start":{"line":64,"column":0},"end":{"line":64,"column":80}},"64":{"start":{"line":65,"column":0},"end":{"line":65,"column":115}},"65":{"start":{"line":66,"column":0},"end":{"line":66,"column":102}},"66":{"start":{"line":67,"column":0},"end":{"line":67,"column":3}},"67":{"start":{"line":68,"column":0},"end":{"line":68,"column":0}},"68":{"start":{"line":69,"column":0},"end":{"line":69,"column":24}},"69":{"start":{"line":70,"column":0},"end":{"line":70,"column":22}},"70":{"start":{"line":71,"column":0},"end":{"line":71,"column":3}},"71":{"start":{"line":72,"column":0},"end":{"line":72,"column":0}},"72":{"start":{"line":73,"column":0},"end":{"line":73,"column":9}},"73":{"start":{"line":74,"column":0},"end":{"line":74,"column":9}},"74":{"start":{"line":75,"column":0},"end":{"line":75,"column":33}},"75":{"start":{"line":76,"column":0},"end":{"line":76,"column":16}},"76":{"start":{"line":77,"column":0},"end":{"line":77,"column":27}},"77":{"start":{"line":78,"column":0},"end":{"line":78,"column":41}},"78":{"start":{"line":79,"column":0},"end":{"line":79,"column":34}},"79":{"start":{"line":80,"column":0},"end":{"line":80,"column":30}},"80":{"start":{"line":81,"column":0},"end":{"line":81,"column":31}},"81":{"start":{"line":82,"column":0},"end":{"line":82,"column":34}},"82":{"start":{"line":83,"column":0},"end":{"line":83,"column":4}},"83":{"start":{"line":84,"column":0},"end":{"line":84,"column":3}},"84":{"start":{"line":85,"column":0},"end":{"line":85,"column":1}}},"s":{"0":1,"1":1,"2":1,"3":1,"4":1,"5":1,"6":1,"7":1,"8":1,"9":1,"10":1,"11":1,"12":1,"13":1,"14":1,"15":1,"16":1,"17":1,"18":1,"19":1,"20":1,"21":1,"22":1,"23":1,"24":1,"25":1,"26":1,"27":1,"28":3,"29":3,"30":3,"31":1,"32":2,"33":3,"34":3,"35":3,"36":3,"37":3,"38":3,"39":3,"40":3,"41":3,"42":3,"43":3,"44":21,"45":20,"46":20,"47":21,"48":21,"49":16,"50":16,"51":16,"52":16,"53":21,"54":4,"55":2,"56":2,"57":2,"58":2,"59":2,"60":4,"61":16,"62":16,"63":21,"64":10,"65":10,"66":10,"67":16,"68":16,"69":16,"70":16,"71":3,"72":3,"73":3,"74":3,"75":3,"76":0,"77":0,"78":0,"79":0,"80":0,"81":0,"82":0,"83":3,"84":3},"branchMap":{"0":{"type":"branch","line":28,"loc":{"start":{"line":28,"column":7},"end":{"line":85,"column":1}},"locations":[{"start":{"line":28,"column":7},"end":{"line":85,"column":1}}]},"1":{"type":"branch","line":32,"loc":{"start":{"line":32,"column":-1},"end":{"line":32,"column":84}},"locations":[{"start":{"line":32,"column":-1},"end":{"line":32,"column":84}}]},"2":{"type":"branch","line":32,"loc":{"start":{"line":32,"column":81},"end":{"line":33,"column":6}},"locations":[{"start":{"line":32,"column":81},"end":{"line":33,"column":6}}]},"3":{"type":"branch","line":44,"loc":{"start":{"line":44,"column":16},"end":{"line":71,"column":3}},"locations":[{"start":{"line":44,"column":16},"end":{"line":71,"column":3}}]},"4":{"type":"branch","line":45,"loc":{"start":{"line":45,"column":31},"end":{"line":45,"column":51}},"locations":[{"start":{"line":45,"column":31},"end":{"line":45,"column":51}}]},"5":{"type":"branch","line":45,"loc":{"start":{"line":45,"column":49},"end":{"line":48,"column":49}},"locations":[{"start":{"line":45,"column":49},"end":{"line":48,"column":49}}]},"6":{"type":"branch","line":48,"loc":{"start":{"line":48,"column":49},"end":{"line":48,"column":70}},"locations":[{"start":{"line":48,"column":49},"end":{"line":48,"column":70}}]},"7":{"type":"branch","line":48,"loc":{"start":{"line":48,"column":67},"end":{"line":49,"column":49}},"locations":[{"start":{"line":48,"column":67},"end":{"line":49,"column":49}}]},"8":{"type":"branch","line":49,"loc":{"start":{"line":49,"column":49},"end":{"line":49,"column":69}},"locations":[{"start":{"line":49,"column":49},"end":{"line":49,"column":69}}]},"9":{"type":"branch","line":49,"loc":{"start":{"line":49,"column":67},"end":{"line":54,"column":38}},"locations":[{"start":{"line":49,"column":67},"end":{"line":54,"column":38}}]},"10":{"type":"branch","line":54,"loc":{"start":{"line":54,"column":25},"end":{"line":54,"column":72}},"locations":[{"start":{"line":54,"column":25},"end":{"line":54,"column":72}}]},"11":{"type":"branch","line":54,"loc":{"start":{"line":54,"column":72},"end":{"line":61,"column":3}},"locations":[{"start":{"line":54,"column":72},"end":{"line":61,"column":3}}]},"12":{"type":"branch","line":55,"loc":{"start":{"line":55,"column":31},"end":{"line":60,"column":4}},"locations":[{"start":{"line":55,"column":31},"end":{"line":60,"column":4}}]},"13":{"type":"branch","line":57,"loc":{"start":{"line":57,"column":74},"end":{"line":57,"column":102}},"locations":[{"start":{"line":57,"column":74},"end":{"line":57,"column":102}}]},"14":{"type":"branch","line":61,"loc":{"start":{"line":61,"column":2},"end":{"line":64,"column":38}},"locations":[{"start":{"line":61,"column":2},"end":{"line":64,"column":38}}]},"15":{"type":"branch","line":64,"loc":{"start":{"line":64,"column":25},"end":{"line":64,"column":79}},"locations":[{"start":{"line":64,"column":25},"end":{"line":64,"column":79}}]},"16":{"type":"branch","line":64,"loc":{"start":{"line":64,"column":79},"end":{"line":67,"column":3}},"locations":[{"start":{"line":64,"column":79},"end":{"line":67,"column":3}}]},"17":{"type":"branch","line":65,"loc":{"start":{"line":65,"column":80},"end":{"line":65,"column":113}},"locations":[{"start":{"line":65,"column":80},"end":{"line":65,"column":113}}]},"18":{"type":"branch","line":65,"loc":{"start":{"line":65,"column":109},"end":{"line":65,"column":115}},"locations":[{"start":{"line":65,"column":109},"end":{"line":65,"column":115}}]},"19":{"type":"branch","line":66,"loc":{"start":{"line":66,"column":67},"end":{"line":66,"column":102}},"locations":[{"start":{"line":66,"column":67},"end":{"line":66,"column":102}}]},"20":{"type":"branch","line":67,"loc":{"start":{"line":67,"column":2},"end":{"line":71,"column":3}},"locations":[{"start":{"line":67,"column":2},"end":{"line":71,"column":3}}]},"21":{"type":"branch","line":51,"loc":{"start":{"line":51,"column":35},"end":{"line":51,"column":52}},"locations":[{"start":{"line":51,"column":35},"end":{"line":51,"column":52}}]},"22":{"type":"branch","line":75,"loc":{"start":{"line":75,"column":12},"end":{"line":75,"column":33}},"locations":[{"start":{"line":75,"column":12},"end":{"line":75,"column":33}}]}},"b":{"0":[3],"1":[1],"2":[2],"3":[21],"4":[1],"5":[20],"6":[13],"7":[20],"8":[4],"9":[16],"10":[4],"11":[4],"12":[2],"13":[1],"14":[16],"15":[13],"16":[10],"17":[8],"18":[2],"19":[2],"20":[16],"21":[41],"22":[3]},"fnMap":{"0":{"name":"createRollingMeanConvergenceTracker","decl":{"start":{"line":28,"column":7},"end":{"line":85,"column":1}},"loc":{"start":{"line":28,"column":7},"end":{"line":85,"column":1}},"line":28},"1":{"name":"update","decl":{"start":{"line":44,"column":16},"end":{"line":71,"column":3}},"loc":{"start":{"line":44,"column":16},"end":{"line":71,"column":3}},"line":44},"2":{"name":"getState","decl":{"start":{"line":75,"column":12},"end":{"line":75,"column":33}},"loc":{"start":{"line":75,"column":12},"end":{"line":75,"column":33}},"line":75},"3":{"name":"reset","decl":{"start":{"line":76,"column":9},"end":{"line":83,"column":4}},"loc":{"start":{"line":76,"column":9},"end":{"line":83,"column":4}},"line":76}},"f":{"0":3,"1":21,"2":3,"3":0}}
,"/Users/benjamin/Development/GitHub/ICUM-SIM/src/experiments/lib/metrics.ts": {"path":"/Users/benjamin/Development/GitHub/ICUM-SIM/src/experiments/lib/metrics.ts","all":false,"statementMap":{"0":{"start":{"line":1,"column":0},"end":{"line":1,"column":49}},"1":{"start":{"line":2,"column":0},"end":{"line":2,"column":0}},"2":{"start":{"line":3,"column":0},"end":{"line":3,"column":43}},"3":{"start":{"line":4,"column":0},"end":{"line":4,"column":0}},"4":{"start":{"line":5,"column":0},"end":{"line":5,"column":3}},"5":{"start":{"line":6,"column":0},"end":{"line":6,"column":47}},"6":{"start":{"line":7,"column":0},"end":{"line":7,"column":2}},"7":{"start":{"line":8,"column":0},"end":{"line":8,"column":65}},"8":{"start":{"line":9,"column":0},"end":{"line":9,"column":3}},"9":{"start":{"line":10,"column":0},"end":{"line":10,"column":43}},"10":{"start":{"line":11,"column":0},"end":{"line":11,"column":59}},"11":{"start":{"line":12,"column":0},"end":{"line":12,"column":1}},"12":{"start":{"line":13,"column":0},"end":{"line":13,"column":0}},"13":{"start":{"line":14,"column":0},"end":{"line":14,"column":3}},"14":{"start":{"line":15,"column":0},"end":{"line":15,"column":51}},"15":{"start":{"line":16,"column":0},"end":{"line":16,"column":3}},"16":{"start":{"line":17,"column":0},"end":{"line":17,"column":42}},"17":{"start":{"line":18,"column":0},"end":{"line":18,"column":13}},"18":{"start":{"line":19,"column":0},"end":{"line":19,"column":34}},"19":{"start":{"line":20,"column":0},"end":{"line":20,"column":28}},"20":{"start":{"line":21,"column":0},"end":{"line":21,"column":40}},"21":{"start":{"line":22,"column":0},"end":{"line":22,"column":84}},"22":{"start":{"line":23,"column":0},"end":{"line":23,"column":84}},"23":{"start":{"line":24,"column":0},"end":{"line":24,"column":69}},"24":{"start":{"line":25,"column":0},"end":{"line":25,"column":19}},"25":{"start":{"line":26,"column":0},"end":{"line":26,"column":2}},"26":{"start":{"line":27,"column":0},"end":{"line":27,"column":38}},"27":{"start":{"line":28,"column":0},"end":{"line":28,"column":1}},"28":{"start":{"line":29,"column":0},"end":{"line":29,"column":0}},"29":{"start":{"line":30,"column":0},"end":{"line":30,"column":3}},"30":{"start":{"line":31,"column":0},"end":{"line":31,"column":47}},"31":{"start":{"line":32,"column":0},"end":{"line":32,"column":3}},"32":{"start":{"line":33,"column":0},"end":{"line":33,"column":41}},"33":{"start":{"line":34,"column":0},"end":{"line":34,"column":13}},"34":{"start":{"line":35,"column":0},"end":{"line":35,"column":34}},"35":{"start":{"line":36,"column":0},"end":{"line":36,"column":28}},"36":{"start":{"line":37,"column":0},"end":{"line":37,"column":40}},"37":{"start":{"line":38,"column":0},"end":{"line":38,"column":84}},"38":{"start":{"line":39,"column":0},"end":{"line":39,"column":84}},"39":{"start":{"line":40,"column":0},"end":{"line":40,"column":69}},"40":{"start":{"line":41,"column":0},"end":{"line":41,"column":13}},"41":{"start":{"line":42,"column":0},"end":{"line":42,"column":2}},"42":{"start":{"line":43,"column":0},"end":{"line":43,"column":27}},"43":{"start":{"line":44,"column":0},"end":{"line":44,"column":1}},"44":{"start":{"line":45,"column":0},"end":{"line":45,"column":0}},"45":{"start":{"line":46,"column":0},"end":{"line":46,"column":3}},"46":{"start":{"line":47,"column":0},"end":{"line":47,"column":36}},"47":{"start":{"line":48,"column":0},"end":{"line":48,"column":2}},"48":{"start":{"line":49,"column":0},"end":{"line":49,"column":76}},"49":{"start":{"line":50,"column":0},"end":{"line":50,"column":46}},"50":{"start":{"line":51,"column":0},"end":{"line":51,"column":3}},"51":{"start":{"line":52,"column":0},"end":{"line":52,"column":41}},"52":{"start":{"line":53,"column":0},"end":{"line":53,"column":19}},"53":{"start":{"line":54,"column":0},"end":{"line":54,"column":1}},"54":{"start":{"line":55,"column":0},"end":{"line":55,"column":0}},"55":{"start":{"line":56,"column":0},"end":{"line":56,"column":42}},"56":{"start":{"line":57,"column":0},"end":{"line":57,"column":0}},"57":{"start":{"line":58,"column":0},"end":{"line":58,"column":38}},"58":{"start":{"line":59,"column":0},"end":{"line":59,"column":14}},"59":{"start":{"line":60,"column":0},"end":{"line":60,"column":14}},"60":{"start":{"line":61,"column":0},"end":{"line":61,"column":26}},"61":{"start":{"line":62,"column":0},"end":{"line":62,"column":14}},"62":{"start":{"line":63,"column":0},"end":{"line":63,"column":14}},"63":{"start":{"line":64,"column":0},"end":{"line":64,"column":2}},"64":{"start":{"line":65,"column":0},"end":{"line":65,"column":42}},"65":{"start":{"line":66,"column":0},"end":{"line":66,"column":45}},"66":{"start":{"line":67,"column":0},"end":{"line":67,"column":1}},"67":{"start":{"line":68,"column":0},"end":{"line":68,"column":0}},"68":{"start":{"line":69,"column":0},"end":{"line":69,"column":3}},"69":{"start":{"line":70,"column":0},"end":{"line":70,"column":80}},"70":{"start":{"line":71,"column":0},"end":{"line":71,"column":49}},"71":{"start":{"line":72,"column":0},"end":{"line":72,"column":2}},"72":{"start":{"line":73,"column":0},"end":{"line":73,"column":72}},"73":{"start":{"line":74,"column":0},"end":{"line":74,"column":75}},"74":{"start":{"line":75,"column":0},"end":{"line":75,"column":72}},"75":{"start":{"line":76,"column":0},"end":{"line":76,"column":3}},"76":{"start":{"line":77,"column":0},"end":{"line":77,"column":88}},"77":{"start":{"line":78,"column":0},"end":{"line":78,"column":0}},"78":{"start":{"line":79,"column":0},"end":{"line":79,"column":77}},"79":{"start":{"line":80,"column":0},"end":{"line":80,"column":51}},"80":{"start":{"line":81,"column":0},"end":{"line":81,"column":40}},"81":{"start":{"line":82,"column":0},"end":{"line":82,"column":0}},"82":{"start":{"line":83,"column":0},"end":{"line":83,"column":30}},"83":{"start":{"line":84,"column":0},"end":{"line":84,"column":28}},"84":{"start":{"line":85,"column":0},"end":{"line":85,"column":0}},"85":{"start":{"line":86,"column":0},"end":{"line":86,"column":57}},"86":{"start":{"line":87,"column":0},"end":{"line":87,"column":56}},"87":{"start":{"line":88,"column":0},"end":{"line":88,"column":12}},"88":{"start":{"line":89,"column":0},"end":{"line":89,"column":12}},"89":{"start":{"line":90,"column":0},"end":{"line":90,"column":13}},"90":{"start":{"line":91,"column":0},"end":{"line":91,"column":12}},"91":{"start":{"line":92,"column":0},"end":{"line":92,"column":42}},"92":{"start":{"line":93,"column":0},"end":{"line":93,"column":31}},"93":{"start":{"line":94,"column":0},"end":{"line":94,"column":32}},"94":{"start":{"line":95,"column":0},"end":{"line":95,"column":33}},"95":{"start":{"line":96,"column":0},"end":{"line":96,"column":33}},"96":{"start":{"line":97,"column":0},"end":{"line":97,"column":33}},"97":{"start":{"line":98,"column":0},"end":{"line":98,"column":16}},"98":{"start":{"line":99,"column":0},"end":{"line":99,"column":16}},"99":{"start":{"line":100,"column":0},"end":{"line":100,"column":17}},"100":{"start":{"line":101,"column":0},"end":{"line":101,"column":16}},"101":{"start":{"line":102,"column":0},"end":{"line":102,"column":3}},"102":{"start":{"line":103,"column":0},"end":{"line":103,"column":0}},"103":{"start":{"line":104,"column":0},"end":{"line":104,"column":46}},"104":{"start":{"line":105,"column":0},"end":{"line":105,"column":32}},"105":{"start":{"line":106,"column":0},"end":{"line":106,"column":22}},"106":{"start":{"line":107,"column":0},"end":{"line":107,"column":23}},"107":{"start":{"line":108,"column":0},"end":{"line":108,"column":75}},"108":{"start":{"line":109,"column":0},"end":{"line":109,"column":41}},"109":{"start":{"line":110,"column":0},"end":{"line":110,"column":31}},"110":{"start":{"line":111,"column":0},"end":{"line":111,"column":31}},"111":{"start":{"line":112,"column":0},"end":{"line":112,"column":0}},"112":{"start":{"line":113,"column":0},"end":{"line":113,"column":58}},"113":{"start":{"line":114,"column":0},"end":{"line":114,"column":37}},"114":{"start":{"line":115,"column":0},"end":{"line":115,"column":44}},"115":{"start":{"line":116,"column":0},"end":{"line":116,"column":44}},"116":{"start":{"line":117,"column":0},"end":{"line":117,"column":105}},"117":{"start":{"line":118,"column":0},"end":{"line":118,"column":3}},"118":{"start":{"line":119,"column":0},"end":{"line":119,"column":0}},"119":{"start":{"line":120,"column":0},"end":{"line":120,"column":27}},"120":{"start":{"line":121,"column":0},"end":{"line":121,"column":28}},"121":{"start":{"line":122,"column":0},"end":{"line":122,"column":26}},"122":{"start":{"line":123,"column":0},"end":{"line":123,"column":26}},"123":{"start":{"line":124,"column":0},"end":{"line":124,"column":0}},"124":{"start":{"line":125,"column":0},"end":{"line":125,"column":44}},"125":{"start":{"line":126,"column":0},"end":{"line":126,"column":34}},"126":{"start":{"line":127,"column":0},"end":{"line":127,"column":80}},"127":{"start":{"line":128,"column":0},"end":{"line":128,"column":3}},"128":{"start":{"line":129,"column":0},"end":{"line":129,"column":15}},"129":{"start":{"line":130,"column":0},"end":{"line":130,"column":17}},"130":{"start":{"line":131,"column":0},"end":{"line":131,"column":41}},"131":{"start":{"line":132,"column":0},"end":{"line":132,"column":34}},"132":{"start":{"line":133,"column":0},"end":{"line":133,"column":34}},"133":{"start":{"line":134,"column":0},"end":{"line":134,"column":34}},"134":{"start":{"line":135,"column":0},"end":{"line":135,"column":37}},"135":{"start":{"line":136,"column":0},"end":{"line":136,"column":0}},"136":{"start":{"line":137,"column":0},"end":{"line":137,"column":38}},"137":{"start":{"line":138,"column":0},"end":{"line":138,"column":35}},"138":{"start":{"line":139,"column":0},"end":{"line":139,"column":35}},"139":{"start":{"line":140,"column":0},"end":{"line":140,"column":35}},"140":{"start":{"line":141,"column":0},"end":{"line":141,"column":2}},"141":{"start":{"line":142,"column":0},"end":{"line":142,"column":40}},"142":{"start":{"line":143,"column":0},"end":{"line":143,"column":1}},"143":{"start":{"line":144,"column":0},"end":{"line":144,"column":0}},"144":{"start":{"line":145,"column":0},"end":{"line":145,"column":54}},"145":{"start":{"line":146,"column":0},"end":{"line":146,"column":33}},"146":{"start":{"line":147,"column":0},"end":{"line":147,"column":9}},"147":{"start":{"line":148,"column":0},"end":{"line":148,"column":35}},"148":{"start":{"line":149,"column":0},"end":{"line":149,"column":35}},"149":{"start":{"line":150,"column":0},"end":{"line":150,"column":3}},"150":{"start":{"line":151,"column":0},"end":{"line":151,"column":1}},"151":{"start":{"line":152,"column":0},"end":{"line":152,"column":0}},"152":{"start":{"line":153,"column":0},"end":{"line":153,"column":3}},"153":{"start":{"line":154,"column":0},"end":{"line":154,"column":71}},"154":{"start":{"line":155,"column":0},"end":{"line":155,"column":3}},"155":{"start":{"line":156,"column":0},"end":{"line":156,"column":53}},"156":{"start":{"line":157,"column":0},"end":{"line":157,"column":41}},"157":{"start":{"line":158,"column":0},"end":{"line":158,"column":30}},"158":{"start":{"line":159,"column":0},"end":{"line":159,"column":24}},"159":{"start":{"line":160,"column":0},"end":{"line":160,"column":22}},"160":{"start":{"line":161,"column":0},"end":{"line":161,"column":28}},"161":{"start":{"line":162,"column":0},"end":{"line":162,"column":38}},"162":{"start":{"line":163,"column":0},"end":{"line":163,"column":72}},"163":{"start":{"line":164,"column":0},"end":{"line":164,"column":24}},"164":{"start":{"line":165,"column":0},"end":{"line":165,"column":84}},"165":{"start":{"line":166,"column":0},"end":{"line":166,"column":84}},"166":{"start":{"line":167,"column":0},"end":{"line":167,"column":37}},"167":{"start":{"line":168,"column":0},"end":{"line":168,"column":31}},"168":{"start":{"line":169,"column":0},"end":{"line":169,"column":2}},"169":{"start":{"line":170,"column":0},"end":{"line":170,"column":0}},"170":{"start":{"line":171,"column":0},"end":{"line":171,"column":45}},"171":{"start":{"line":172,"column":0},"end":{"line":172,"column":71}},"172":{"start":{"line":173,"column":0},"end":{"line":173,"column":0}},"173":{"start":{"line":174,"column":0},"end":{"line":174,"column":78}},"174":{"start":{"line":175,"column":0},"end":{"line":175,"column":19}},"175":{"start":{"line":176,"column":0},"end":{"line":176,"column":28}},"176":{"start":{"line":177,"column":0},"end":{"line":177,"column":35}},"177":{"start":{"line":178,"column":0},"end":{"line":178,"column":32}},"178":{"start":{"line":179,"column":0},"end":{"line":179,"column":45}},"179":{"start":{"line":180,"column":0},"end":{"line":180,"column":34}},"180":{"start":{"line":181,"column":0},"end":{"line":181,"column":44}},"181":{"start":{"line":182,"column":0},"end":{"line":182,"column":24}},"182":{"start":{"line":183,"column":0},"end":{"line":183,"column":26}},"183":{"start":{"line":184,"column":0},"end":{"line":184,"column":24}},"184":{"start":{"line":185,"column":0},"end":{"line":185,"column":15}},"185":{"start":{"line":186,"column":0},"end":{"line":186,"column":3}},"186":{"start":{"line":187,"column":0},"end":{"line":187,"column":2}},"187":{"start":{"line":188,"column":0},"end":{"line":188,"column":0}},"188":{"start":{"line":189,"column":0},"end":{"line":189,"column":35}},"189":{"start":{"line":190,"column":0},"end":{"line":190,"column":23}},"190":{"start":{"line":191,"column":0},"end":{"line":191,"column":69}},"191":{"start":{"line":192,"column":0},"end":{"line":192,"column":9}},"192":{"start":{"line":193,"column":0},"end":{"line":193,"column":63}},"193":{"start":{"line":194,"column":0},"end":{"line":194,"column":42}},"194":{"start":{"line":195,"column":0},"end":{"line":195,"column":28}},"195":{"start":{"line":196,"column":0},"end":{"line":196,"column":29}},"196":{"start":{"line":197,"column":0},"end":{"line":197,"column":21}},"197":{"start":{"line":198,"column":0},"end":{"line":198,"column":21}},"198":{"start":{"line":199,"column":0},"end":{"line":199,"column":29}},"199":{"start":{"line":200,"column":0},"end":{"line":200,"column":29}},"200":{"start":{"line":201,"column":0},"end":{"line":201,"column":19}},"201":{"start":{"line":202,"column":0},"end":{"line":202,"column":38}},"202":{"start":{"line":203,"column":0},"end":{"line":203,"column":31}},"203":{"start":{"line":204,"column":0},"end":{"line":204,"column":24}},"204":{"start":{"line":205,"column":0},"end":{"line":205,"column":20}},"205":{"start":{"line":206,"column":0},"end":{"line":206,"column":5}},"206":{"start":{"line":207,"column":0},"end":{"line":207,"column":4}},"207":{"start":{"line":208,"column":0},"end":{"line":208,"column":25}},"208":{"start":{"line":209,"column":0},"end":{"line":209,"column":3}},"209":{"start":{"line":210,"column":0},"end":{"line":210,"column":2}},"210":{"start":{"line":211,"column":0},"end":{"line":211,"column":0}},"211":{"start":{"line":212,"column":0},"end":{"line":212,"column":13}},"212":{"start":{"line":213,"column":0},"end":{"line":213,"column":20}},"213":{"start":{"line":214,"column":0},"end":{"line":214,"column":33}},"214":{"start":{"line":215,"column":0},"end":{"line":215,"column":24}},"215":{"start":{"line":216,"column":0},"end":{"line":216,"column":57}},"216":{"start":{"line":217,"column":0},"end":{"line":217,"column":67}},"217":{"start":{"line":218,"column":0},"end":{"line":218,"column":55}},"218":{"start":{"line":219,"column":0},"end":{"line":219,"column":12}},"219":{"start":{"line":220,"column":0},"end":{"line":220,"column":3}},"220":{"start":{"line":221,"column":0},"end":{"line":221,"column":0}},"221":{"start":{"line":222,"column":0},"end":{"line":222,"column":43}},"222":{"start":{"line":223,"column":0},"end":{"line":223,"column":39}},"223":{"start":{"line":224,"column":0},"end":{"line":224,"column":42}},"224":{"start":{"line":225,"column":0},"end":{"line":225,"column":12}},"225":{"start":{"line":226,"column":0},"end":{"line":226,"column":12}},"226":{"start":{"line":227,"column":0},"end":{"line":227,"column":3}},"227":{"start":{"line":228,"column":0},"end":{"line":228,"column":0}},"228":{"start":{"line":229,"column":0},"end":{"line":229,"column":25}},"229":{"start":{"line":230,"column":0},"end":{"line":230,"column":44}},"230":{"start":{"line":231,"column":0},"end":{"line":231,"column":37}},"231":{"start":{"line":232,"column":0},"end":{"line":232,"column":37}},"232":{"start":{"line":233,"column":0},"end":{"line":233,"column":29}},"233":{"start":{"line":234,"column":0},"end":{"line":234,"column":16}},"234":{"start":{"line":235,"column":0},"end":{"line":235,"column":3}},"235":{"start":{"line":236,"column":0},"end":{"line":236,"column":2}},"236":{"start":{"line":237,"column":0},"end":{"line":237,"column":55}},"237":{"start":{"line":238,"column":0},"end":{"line":238,"column":1}},"238":{"start":{"line":239,"column":0},"end":{"line":239,"column":0}},"239":{"start":{"line":240,"column":0},"end":{"line":240,"column":3}},"240":{"start":{"line":241,"column":0},"end":{"line":241,"column":80}},"241":{"start":{"line":242,"column":0},"end":{"line":242,"column":3}},"242":{"start":{"line":243,"column":0},"end":{"line":243,"column":54}},"243":{"start":{"line":244,"column":0},"end":{"line":244,"column":42}},"244":{"start":{"line":245,"column":0},"end":{"line":245,"column":30}},"245":{"start":{"line":246,"column":0},"end":{"line":246,"column":24}},"246":{"start":{"line":247,"column":0},"end":{"line":247,"column":22}
[...]
tart":{"line":117,"column":31},"end":{"line":127,"column":2}},"locations":[{"start":{"line":117,"column":31},"end":{"line":127,"column":2}}]},"25":{"type":"branch","line":119,"loc":{"start":{"line":119,"column":10},"end":{"line":119,"column":19}},"locations":[{"start":{"line":119,"column":10},"end":{"line":119,"column":19}}]},"26":{"type":"branch","line":119,"loc":{"start":{"line":119,"column":10},"end":{"line":122,"column":30}},"locations":[{"start":{"line":119,"column":10},"end":{"line":122,"column":30}}]},"27":{"type":"branch","line":122,"loc":{"start":{"line":122,"column":23},"end":{"line":122,"column":52}},"locations":[{"start":{"line":122,"column":23},"end":{"line":122,"column":52}}]},"28":{"type":"branch","line":122,"loc":{"start":{"line":122,"column":52},"end":{"line":122,"column":61}},"locations":[{"start":{"line":122,"column":52},"end":{"line":122,"column":61}}]},"29":{"type":"branch","line":122,"loc":{"start":{"line":122,"column":52},"end":{"line":123,"column":54}},"locations":[{"start":{"line":122,"column":52},"end":{"line":123,"column":54}}]},"30":{"type":"branch","line":123,"loc":{"start":{"line":123,"column":54},"end":{"line":123,"column":63}},"locations":[{"start":{"line":123,"column":54},"end":{"line":123,"column":63}}]},"31":{"type":"branch","line":123,"loc":{"start":{"line":123,"column":54},"end":{"line":127,"column":2}},"locations":[{"start":{"line":123,"column":54},"end":{"line":127,"column":2}}]},"32":{"type":"branch","line":130,"loc":{"start":{"line":130,"column":14},"end":{"line":130,"column":26}},"locations":[{"start":{"line":130,"column":14},"end":{"line":130,"column":26}}]},"33":{"type":"branch","line":130,"loc":{"start":{"line":130,"column":21},"end":{"line":134,"column":29}},"locations":[{"start":{"line":130,"column":21},"end":{"line":134,"column":29}}]},"34":{"type":"branch","line":134,"loc":{"start":{"line":134,"column":29},"end":{"line":140,"column":2}},"locations":[{"start":{"line":134,"column":29},"end":{"line":140,"column":2}}]},"35":{"type":"branch","line":140,"loc":{"start":{"line":140,"column":1},"end":{"line":147,"column":29}},"locations":[{"start":{"line":140,"column":1},"end":{"line":147,"column":29}}]},"36":{"type":"branch","line":147,"loc":{"start":{"line":147,"column":29},"end":{"line":147,"column":58}},"locations":[{"start":{"line":147,"column":29},"end":{"line":147,"column":58}}]},"37":{"type":"branch","line":147,"loc":{"start":{"line":147,"column":55},"end":{"line":151,"column":40}},"locations":[{"start":{"line":147,"column":55},"end":{"line":151,"column":40}}]},"38":{"type":"branch","line":151,"loc":{"start":{"line":151,"column":36},"end":{"line":151,"column":42}},"locations":[{"start":{"line":151,"column":36},"end":{"line":151,"column":42}}]},"39":{"type":"branch","line":151,"loc":{"start":{"line":151,"column":44},"end":{"line":159,"column":2}},"locations":[{"start":{"line":151,"column":44},"end":{"line":159,"column":2}}]},"40":{"type":"branch","line":154,"loc":{"start":{"line":154,"column":44},"end":{"line":154,"column":53}},"locations":[{"start":{"line":154,"column":44},"end":{"line":154,"column":53}}]},"41":{"type":"branch","line":155,"loc":{"start":{"line":155,"column":17},"end":{"line":155,"column":26}},"locations":[{"start":{"line":155,"column":17},"end":{"line":155,"column":26}}]},"42":{"type":"branch","line":159,"loc":{"start":{"line":159,"column":1},"end":{"line":162,"column":22}},"locations":[{"start":{"line":159,"column":1},"end":{"line":162,"column":22}}]},"43":{"type":"branch","line":162,"loc":{"start":{"line":162,"column":22},"end":{"line":164,"column":8}},"locations":[{"start":{"line":162,"column":22},"end":{"line":164,"column":8}}]},"44":{"type":"branch","line":164,"loc":{"start":{"line":164,"column":1},"end":{"line":182,"column":2}},"locations":[{"start":{"line":164,"column":1},"end":{"line":182,"column":2}}]},"45":{"type":"branch","line":166,"loc":{"start":{"line":166,"column":30},"end":{"line":181,"column":3}},"locations":[{"start":{"line":166,"column":30},"end":{"line":181,"column":3}}]},"46":{"type":"branch","line":167,"loc":{"start":{"line":167,"column":19},"end":{"line":171,"column":28}},"locations":[{"start":{"line":167,"column":19},"end":{"line":171,"column":28}}]},"47":{"type":"branch","line":175,"loc":{"start":{"line":175,"column":22},"end":{"line":178,"column":5}},"locations":[{"start":{"line":175,"column":22},"end":{"line":178,"column":5}}]},"48":{"type":"branch","line":179,"loc":{"start":{"line":179,"column":3},"end":{"line":181,"column":3}},"locations":[{"start":{"line":179,"column":3},"end":{"line":181,"column":3}}]},"49":{"type":"branch","line":182,"loc":{"start":{"line":182,"column":1},"end":{"line":186,"column":32}},"locations":[{"start":{"line":182,"column":1},"end":{"line":186,"column":32}}]},"50":{"type":"branch","line":187,"loc":{"start":{"line":187,"column":23},"end":{"line":197,"column":3}},"locations":[{"start":{"line":187,"column":23},"end":{"line":197,"column":3}}]},"51":{"type":"branch","line":190,"loc":{"start":{"line":190,"column":24},"end":{"line":190,"column":33}},"locations":[{"start":{"line":190,"column":24},"end":{"line":190,"column":33}}]},"52":{"type":"branch","line":197,"loc":{"start":{"line":197,"column":2},"end":{"line":202,"column":40}},"locations":[{"start":{"line":197,"column":2},"end":{"line":202,"column":40}}]},"53":{"type":"branch","line":202,"loc":{"start":{"line":202,"column":40},"end":{"line":210,"column":3}},"locations":[{"start":{"line":202,"column":40},"end":{"line":210,"column":3}}]},"54":{"type":"branch","line":204,"loc":{"start":{"line":204,"column":39},"end":{"line":204,"column":51}},"locations":[{"start":{"line":204,"column":39},"end":{"line":204,"column":51}}]},"55":{"type":"branch","line":210,"loc":{"start":{"line":210,"column":2},"end":{"line":217,"column":29}},"locations":[{"start":{"line":210,"column":2},"end":{"line":217,"column":29}}]},"56":{"type":"branch","line":217,"loc":{"start":{"line":217,"column":29},"end":{"line":224,"column":2}},"locations":[{"start":{"line":217,"column":29},"end":{"line":224,"column":2}}]},"57":{"type":"branch","line":218,"loc":{"start":{"line":218,"column":34},"end":{"line":223,"column":3}},"locations":[{"start":{"line":218,"column":34},"end":{"line":223,"column":3}}]},"58":{"type":"branch","line":224,"loc":{"start":{"line":224,"column":1},"end":{"line":225,"column":37}},"locations":[{"start":{"line":224,"column":1},"end":{"line":225,"column":37}}]},"59":{"type":"branch","line":225,"loc":{"start":{"line":225,"column":33},"end":{"line":225,"column":55}},"locations":[{"start":{"line":225,"column":33},"end":{"line":225,"column":55}}]},"60":{"type":"branch","line":225,"loc":{"start":{"line":225,"column":47},"end":{"line":225,"column":57}},"locations":[{"start":{"line":225,"column":47},"end":{"line":225,"column":57}}]},"61":{"type":"branch","line":149,"loc":{"start":{"line":149,"column":57},"end":{"line":149,"column":65}},"locations":[{"start":{"line":149,"column":57},"end":{"line":149,"column":65}}]},"62":{"type":"branch","line":163,"loc":{"start":{"line":163,"column":44},"end":{"line":163,"column":58}},"locations":[{"start":{"line":163,"column":44},"end":{"line":163,"column":58}}]},"63":{"type":"branch","line":199,"loc":{"start":{"line":199,"column":26},"end":{"line":199,"column":41}},"locations":[{"start":{"line":199,"column":26},"end":{"line":199,"column":41}}]},"64":{"type":"branch","line":200,"loc":{"start":{"line":200,"column":24},"end":{"line":200,"column":37}},"locations":[{"start":{"line":200,"column":24},"end":{"line":200,"column":37}}]}},"b":{"0":[14],"1":[40],"2":[60],"3":[23],"4":[37],"5":[7],"6":[0],"7":[0],"8":[0],"9":[0],"10":[20],"11":[1],"12":[6],"13":[14],"14":[40],"15":[20],"16":[20],"17":[0],"18":[7],"19":[7],"20":[7],"21":[7],"22":[8],"23":[0],"24":[24],"25":[2],"26":[22],"27":[21],"28":[1],"29":[21],"30":[0],"31":[21],"32":[1],"33":[7],"34":[21],"35":[7],"36":[21],"37":[7],"38":[6],"39":[2],"40":[0],"41":[0],"42":[7],"43":[6],"44":[1],"45":[4],"46":[2],"47":[2],"48":[2],"49":[7],"50":[1],"51":[0],"52":[7],"53":[20],"54":[0],"55":[7],"56":[21],"57":[25],"58":[7],"59":[6],"60":[1],"61":[21],"62":[17],"63":[20],"64":[20]},"fnMap":{"0":{"name":"meanPoint","decl":{"start":{"line":24,"column":0},"end":{"line":33,"column":1}},"loc":{"start":{"line":24,"column":0},"end":{"line":33,"column":1}},"line":24},"1":{"name":"applyRigid2D","decl":{"start":{"line":35,"column":0},"end":{"line":41,"column":1}},"loc":{"start":{"line":35,"column":0},"end":{"line":41,"column":1}},"line":35},"2":{"name":"bestFitRigid2DAllowReflection","decl":{"start":{"line":47,"column":0},"end":{"line":104,"column":1}},"loc":{"start":{"line":47,"column":0},"end":{"line":104,"column":1}},"line":47},"3":{"name":"solve","decl":{"start":{"line":54,"column":15},"end":{"line":82,"column":3}},"loc":{"start":{"line":54,"column":15},"end":{"line":82,"column":3}},"line":54},"4":{"name":"computeCloudStructureStatsMeters","decl":{"start":{"line":106,"column":7},"end":{"line":228,"column":1}},"loc":{"start":{"line":106,"column":7},"end":{"line":228,"column":1}},"line":106}},"f":{"0":14,"1":60,"2":7,"3":14,"4":8}}
,"/Users/benjamin/Development/GitHub/ICUM-SIM/src/types/index.ts": {"path":"/Users/benjamin/Development/GitHub/ICUM-SIM/src/types/index.ts","all":false,"statementMap":{"0":{"start":{"line":1,"column":0},"end":{"line":1,"column":49}},"1":{"start":{"line":2,"column":0},"end":{"line":2,"column":0}},"2":{"start":{"line":3,"column":0},"end":{"line":3,"column":22}},"3":{"start":{"line":4,"column":0},"end":{"line":4,"column":15}},"4":{"start":{"line":5,"column":0},"end":{"line":5,"column":19}},"5":{"start":{"line":6,"column":0},"end":{"line":6,"column":17}},"6":{"start":{"line":7,"column":0},"end":{"line":7,"column":15}},"7":{"start":{"line":8,"column":0},"end":{"line":8,"column":23}},"8":{"start":{"line":9,"column":0},"end":{"line":9,"column":1}},"9":{"start":{"line":10,"column":0},"end":{"line":10,"column":0}},"10":{"start":{"line":11,"column":0},"end":{"line":11,"column":24}},"11":{"start":{"line":12,"column":0},"end":{"line":12,"column":17}},"12":{"start":{"line":13,"column":0},"end":{"line":13,"column":15}},"13":{"start":{"line":14,"column":0},"end":{"line":14,"column":23}},"14":{"start":{"line":15,"column":0},"end":{"line":15,"column":17}},"15":{"start":{"line":16,"column":0},"end":{"line":16,"column":19}},"16":{"start":{"line":17,"column":0},"end":{"line":17,"column":25}},"17":{"start":{"line":18,"column":0},"end":{"line":18,"column":21}},"18":{"start":{"line":19,"column":0},"end":{"line":19,"column":1}},"19":{"start":{"line":20,"column":0},"end":{"line":20,"column":0}},"20":{"start":{"line":21,"column":0},"end":{"line":21,"column":25}},"21":{"start":{"line":22,"column":0},"end":{"line":22,"column":12}},"22":{"start":{"line":23,"column":0},"end":{"line":23,"column":18}},"23":{"start":{"line":24,"column":0},"end":{"line":24,"column":15}},"24":{"start":{"line":25,"column":0},"end":{"line":25,"column":16}},"25":{"start":{"line":26,"column":0},"end":{"line":26,"column":14}},"26":{"start":{"line":27,"column":0},"end":{"line":27,"column":19}},"27":{"start":{"line":28,"column":0},"end":{"line":28,"column":1}},"28":{"start":{"line":29,"column":0},"end":{"line":29,"column":0}},"29":{"start":{"line":30,"column":0},"end":{"line":30,"column":31}},"30":{"start":{"line":31,"column":0},"end":{"line":31,"column":12}},"31":{"start":{"line":32,"column":0},"end":{"line":32,"column":16}},"32":{"start":{"line":33,"column":0},"end":{"line":33,"column":11}},"33":{"start":{"line":34,"column":0},"end":{"line":34,"column":11}},"34":{"start":{"line":35,"column":0},"end":{"line":35,"column":16}},"35":{"start":{"line":36,"column":0},"end":{"line":36,"column":16}},"36":{"start":{"line":37,"column":0},"end":{"line":37,"column":18}},"37":{"start":{"line":38,"column":0},"end":{"line":38,"column":67}},"38":{"start":{"line":39,"column":0},"end":{"line":39,"column":18}},"39":{"start":{"line":40,"column":0},"end":{"line":40,"column":15}},"40":{"start":{"line":41,"column":0},"end":{"line":41,"column":24}},"41":{"start":{"line":42,"column":0},"end":{"line":42,"column":20}},"42":{"start":{"line":43,"column":0},"end":{"line":43,"column":1}},"43":{"start":{"line":44,"column":0},"end":{"line":44,"column":0}},"44":{"start":{"line":45,"column":0},"end":{"line":45,"column":32}},"45":{"start":{"line":46,"column":0},"end":{"line":46,"column":12}},"46":{"start":{"line":47,"column":0},"end":{"line":47,"column":16}},"47":{"start":{"line":48,"column":0},"end":{"line":48,"column":17}},"48":{"start":{"line":49,"column":0},"end":{"line":49,"column":18}},"49":{"start":{"line":50,"column":0},"end":{"line":50,"column":18}},"50":{"start":{"line":51,"column":0},"end":{"line":51,"column":14}},"51":{"start":{"line":52,"column":0},"end":{"line":52,"column":19}},"52":{"start":{"line":53,"column":0},"end":{"line":53,"column":20}},"53":{"start":{"line":54,"column":0},"end":{"line":54,"column":17}},"54":{"start":{"line":55,"column":0},"end":{"line":55,"column":23}},"55":{"start":{"line":56,"column":0},"end":{"line":56,"column":19}},"56":{"start":{"line":57,"column":0},"end":{"line":57,"column":24}},"57":{"start":{"line":58,"column":0},"end":{"line":58,"column":34}},"58":{"start":{"line":59,"column":0},"end":{"line":59,"column":57}},"59":{"start":{"line":60,"column":0},"end":{"line":60,"column":22}},"60":{"start":{"line":61,"column":0},"end":{"line":61,"column":34}},"61":{"start":{"line":62,"column":0},"end":{"line":62,"column":57}},"62":{"start":{"line":63,"column":0},"end":{"line":63,"column":70}},"63":{"start":{"line":64,"column":0},"end":{"line":64,"column":1}},"64":{"start":{"line":65,"column":0},"end":{"line":65,"column":0}},"65":{"start":{"line":66,"column":0},"end":{"line":66,"column":33}},"66":{"start":{"line":67,"column":0},"end":{"line":67,"column":40}},"67":{"start":{"line":68,"column":0},"end":{"line":68,"column":40}},"68":{"start":{"line":69,"column":0},"end":{"line":69,"column":45}},"69":{"start":{"line":70,"column":0},"end":{"line":70,"column":35}},"70":{"start":{"line":71,"column":0},"end":{"line":71,"column":1}},"71":{"start":{"line":72,"column":0},"end":{"line":72,"column":0}},"72":{"start":{"line":73,"column":0},"end":{"line":73,"column":36}},"73":{"start":{"line":74,"column":0},"end":{"line":74,"column":9}},"74":{"start":{"line":75,"column":0},"end":{"line":75,"column":33}},"75":{"start":{"line":76,"column":0},"end":{"line":76,"column":0}},"76":{"start":{"line":77,"column":0},"end":{"line":77,"column":10}},"77":{"start":{"line":78,"column":0},"end":{"line":78,"column":21}},"78":{"start":{"line":79,"column":0},"end":{"line":79,"column":36}},"79":{"start":{"line":80,"column":0},"end":{"line":80,"column":36}},"80":{"start":{"line":81,"column":0},"end":{"line":81,"column":86}},"81":{"start":{"line":82,"column":0},"end":{"line":82,"column":0}},"82":{"start":{"line":83,"column":0},"end":{"line":83,"column":16}},"83":{"start":{"line":84,"column":0},"end":{"line":84,"column":28}},"84":{"start":{"line":85,"column":0},"end":{"line":85,"column":0}},"85":{"start":{"line":86,"column":0},"end":{"line":86,"column":40}},"86":{"start":{"line":87,"column":0},"end":{"line":87,"column":33}},"87":{"start":{"line":88,"column":0},"end":{"line":88,"column":27}},"88":{"start":{"line":89,"column":0},"end":{"line":89,"column":1}},"89":{"start":{"line":90,"column":0},"end":{"line":90,"column":0}},"90":{"start":{"line":91,"column":0},"end":{"line":91,"column":29}},"91":{"start":{"line":92,"column":0},"end":{"line":92,"column":18}},"92":{"start":{"line":93,"column":0},"end":{"line":93,"column":26}},"93":{"start":{"line":94,"column":0},"end":{"line":94,"column":21}},"94":{"start":{"line":95,"column":0},"end":{"line":95,"column":20}},"95":{"start":{"line":96,"column":0},"end":{"line":96,"column":20}},"96":{"start":{"line":97,"column":0},"end":{"line":97,"column":24}},"97":{"start":{"line":98,"column":0},"end":{"line":98,"column":1}},"98":{"start":{"line":99,"column":0},"end":{"line":99,"column":0}},"99":{"start":{"line":100,"column":0},"end":{"line":100,"column":27}},"100":{"start":{"line":101,"column":0},"end":{"line":101,"column":12}},"101":{"start":{"line":102,"column":0},"end":{"line":102,"column":14}},"102":{"start":{"line":103,"column":0},"end":{"line":103,"column":13}},"103":{"start":{"line":104,"column":0},"end":{"line":104,"column":45}},"104":{"start":{"line":105,"column":0},"end":{"line":105,"column":38}},"105":{"start":{"line":106,"column":0},"end":{"line":106,"column":1}},"106":{"start":{"line":107,"column":0},"end":{"line":107,"column":0}},"107":{"start":{"line":108,"column":0},"end":{"line":108,"column":21}},"108":{"start":{"line":109,"column":0},"end":{"line":109,"column":23}},"109":{"start":{"line":110,"column":0},"end":{"line":110,"column":12}},"110":{"start":{"line":111,"column":0},"end":{"line":111,"column":12}},"111":{"start":{"line":112,"column":0},"end":{"line":112,"column":12}},"112":{"start":{"line":113,"column":0},"end":{"line":113,"column":12}},"113":{"start":{"line":114,"column":0},"end":{"line":114,"column":12}},"114":{"start":{"line":115,"column":0},"end":{"line":115,"column":1}},"115":{"start":{"line":116,"column":0},"end":{"line":116,"column":0}},"116":{"start":{"line":117,"column":0},"end":{"line":117,"column":16}},"117":{"start":{"line":118,"column":0},"end":{"line":118,"column":32}},"118":{"start":{"line":119,"column":0},"end":{"line":119,"column":64}},"119":{"start":{"line":120,"column":0},"end":{"line":120,"column":55}},"120":{"start":{"line":121,"column":0},"end":{"line":121,"column":69}},"121":{"start":{"line":122,"column":0},"end":{"line":122,"column":47}},"122":{"start":{"line":123,"column":0},"end":{"line":123,"column":78}},"123":{"start":{"line":124,"column":0},"end":{"line":124,"column":78}},"124":{"start":{"line":125,"column":0},"end":{"line":125,"column":31}},"125":{"start":{"line":126,"column":0},"end":{"line":126,"column":16}},"126":{"start":{"line":127,"column":0},"end":{"line":127,"column":1}},"127":{"start":{"line":128,"column":0},"end":{"line":128,"column":0}},"128":{"start":{"line":129,"column":0},"end":{"line":129,"column":33}},"129":{"start":{"line":130,"column":0},"end":{"line":130,"column":24}},"130":{"start":{"line":131,"column":0},"end":{"line":131,"column":24}},"131":{"start":{"line":132,"column":0},"end":{"line":132,"column":16}},"132":{"start":{"line":133,"column":0},"end":{"line":133,"column":1}},"133":{"start":{"line":134,"column":0},"end":{"line":134,"column":0}},"134":{"start":{"line":135,"column":0},"end":{"line":135,"column":32}},"135":{"start":{"line":136,"column":0},"end":{"line":136,"column":11}},"136":{"start":{"line":137,"column":0},"end":{"line":137,"column":47}},"137":{"start":{"line":138,"column":0},"end":{"line":138,"column":49}},"138":{"start":{"line":139,"column":0},"end":{"line":139,"column":23}},"139":{"start":{"line":140,"column":0},"end":{"line":140,"column":20}},"140":{"start":{"line":141,"column":0},"end":{"line":141,"column":1}}},"s":{"0":1,"1":1,"2":1,"3":1,"4":1,"5":1,"6":1,"7":1,"8":1,"9":1,"10":1,"11":1,"12":1,"13":1,"14":1,"15":1,"16":1,"17":1,"18":1,"19":1,"20":1,"21":1,"22":1,"23":1,"24":1,"25":1,"26":1,"27":1,"28":1,"29":1,"30":1,"31":1,"32":1,"33":1,"34":1,"35":1,"36":1,"37":1,"38":1,"39":1,"40":1,"41":1,"42":1,"43":1,"44":1,"45":1,"46":1,"47":1,"48":1,"49":1,"50":1,"51":1,"52":1,"53":1,"54":1,"55":1,"56":1,"57":1,"58":1,"59":1,"60":1,"61":1,"62":1,"63":1,"64":1,"65":1,"66":1,"67":1,"68":1,"69":1,"70":1,"71":1,"72":1,"73":1,"74":1,"75":1,"76":1,"77":1,"78":1,"79":1,"80":1,"81":1,"82":1,"83":1,"84":1,"85":1,"86":1,"87":1,"88":1,"89":1,"90":1,"91":1,"92":1,"93":1,"94":1,"95":1,"96":1,"97":1,"98":1,"99":1,"100":1,"101":1,"102":1,"103":1,"104":1,"105":1,"106":1,"107":1,"108":1,"109":1,"110":1,"111":1,"112":1,"113":1,"114":1,"115":1,"116":1,"117":1,"118":1,"119":1,"120":1,"121":1,"122":1,"123":1,"124":1,"125":1,"126":1,"127":1,"128":1,"129":1,"130":1,"131":1,"132":1,"133":1,"134":1,"135":1,"136":1,"137":1,"138":1,"139":1,"140":1},"branchMap":{},"b":{},"fnMap":{},"f":{}}
}
